Express server listening on port 8000
{"lat":"51.086346","lng":"-113.980110","programid":"1","grades":""}
timer: 6ms
{ name: 'Battalion Park School',
  lat: '51.0239',
  lng: '-114.18149',
  id: '191',
  grades: [ '0', '1', '2', '3', '4', '5', '6' ] }
Battalion Park
{ name: 'All Boys Program',
  lat: '51.02118',
  lng: '-114.13624',
  id: '221',
  grades: [ '0', '1', '2', '3', '4', '5', '6' ] }
All Boys Program
{ name: 'Acadia School',
  lat: '50.96771',
  lng: '-114.05293',
  id: '66',
  grades: [ '0', '1', '2', '3', '4' ] }
Acadia
{ name: 'Alex Munro School',
  lat: '51.12066',
  lng: '-114.06147',
  id: '58',
  grades: [ '0', '1', '2', '3', '4', '5', '6' ] }
Alex Munro
[ { id: '191',
    name: 'Battalion Park School',
    area: 'Calgary',
    rank_2013_14: ["138","813"],
    rank_5y: ["69","543"],
    rating_2013_14: '7.6',
    rating_5y: '7.8',
    grades: ["0","1","2","3","4","5","6"],
    lat: '51.0239',
    lng: '-114.18149' },
  { id: '221',
    name: 'All Boys Program',
    grades: ["0","1","2","3","4","5","6"],
    lat: '51.02118',
    lng: '-114.13624' },
  { id: '66',
    name: 'Acadia School',
    grades: ["0","1","2","3","4"],
    lat: '50.96771',
    lng: '-114.05293' },
  { id: '58',
    name: 'Alex Munro School',
    area: 'Calgary',
    rank_2013_14: ["624","813"],
    rank_5y: ["470","543"],
    rating_2013_14: '4.8',
    rating_5y: '4.5',
    grades: ["0","1","2","3","4","5","6"],
    lat: '51.12066',
    lng: '-114.06147' } ]
{"lat":"51.086346","lng":"-113.980110","programid":"1","grades":""}
timer: 2ms
{ name: 'Battalion Park School',
  lat: '51.0239',
  lng: '-114.18149',
  id: '191',
  grades: [ '0', '1', '2', '3', '4', '5', '6' ] }
Battalion Park
{ name: 'All Boys Program',
  lat: '51.02118',
  lng: '-114.13624',
  id: '221',
  grades: [ '0', '1', '2', '3', '4', '5', '6' ] }
All Boys Program
{ name: 'Acadia School',
  lat: '50.96771',
  lng: '-114.05293',
  id: '66',
  grades: [ '0', '1', '2', '3', '4' ] }
Acadia
{ name: 'Alex Munro School',
  lat: '51.12066',
  lng: '-114.06147',
  id: '58',
  grades: [ '0', '1', '2', '3', '4', '5', '6' ] }
Alex Munro
[ { id: '191',
    name: 'Battalion Park School',
    area: 'Calgary',
    rank_2013_14: ["138","813"],
    rank_5y: ["69","543"],
    rating_2013_14: '7.6',
    rating_5y: '7.8',
    grades: ["0","1","2","3","4","5","6"],
    lat: '51.0239',
    lng: '-114.18149' },
  { id: '221',
    name: 'All Boys Program',
    grades: ["0","1","2","3","4","5","6"],
    lat: '51.02118',
    lng: '-114.13624' },
  { id: '66',
    name: 'Acadia School',
    grades: ["0","1","2","3","4"],
    lat: '50.96771',
    lng: '-114.05293' },
  { id: '58',
    name: 'Alex Munro School',
    area: 'Calgary',
    rank_2013_14: ["624","813"],
    rank_5y: ["470","543"],
    rating_2013_14: '4.8',
    rating_5y: '4.5',
    grades: ["0","1","2","3","4","5","6"],
    lat: '51.12066',
    lng: '-114.06147' } ]
{"lat":"51.086346","lng":"-113.980110","programid":"1","grades":""}
timer: 2ms
{ name: 'Battalion Park School',
  lat: '51.0239',
  lng: '-114.18149',
  id: '191',
  grades: [ '0', '1', '2', '3', '4', '5', '6' ] }
Battalion Park
{ name: 'All Boys Program',
  lat: '51.02118',
  lng: '-114.13624',
  id: '221',
  grades: [ '0', '1', '2', '3', '4', '5', '6' ] }
All Boys Program
{ name: 'Acadia School',
  lat: '50.96771',
  lng: '-114.05293',
  id: '66',
  grades: [ '0', '1', '2', '3', '4' ] }
Acadia
{ name: 'Alex Munro School',
  lat: '51.12066',
  lng: '-114.06147',
  id: '58',
  grades: [ '0', '1', '2', '3', '4', '5', '6' ] }
Alex Munro
[ { id: '191',
    name: 'Battalion Park School',
    area: 'Calgary',
    rank_2013_14: ["138","813"],
    rank_5y: ["69","543"],
    rating_2013_14: '7.6',
    rating_5y: '7.8',
    grades: ["0","1","2","3","4","5","6"],
    lat: '51.0239',
    lng: '-114.18149' },
  { id: '221',
    name: 'All Boys Program',
    grades: ["0","1","2","3","4","5","6"],
    lat: '51.02118',
    lng: '-114.13624' },
  { id: '66',
    name: 'Acadia School',
    grades: ["0","1","2","3","4"],
    lat: '50.96771',
    lng: '-114.05293' },
  { id: '58',
    name: 'Alex Munro School',
    area: 'Calgary',
    rank_2013_14: ["624","813"],
    rank_5y: ["470","543"],
    rating_2013_14: '4.8',
    rating_5y: '4.5',
    grades: ["0","1","2","3","4","5","6"],
    lat: '51.12066',
    lng: '-114.06147' } ]
{"lat":"51.086346","lng":"-113.980110","programid":"1","grades":""}
timer: 1ms
{ name: 'Battalion Park School',
  lat: '51.0239',
  lng: '-114.18149',
  id: '191',
  grades: [ '0', '1', '2', '3', '4', '5', '6' ] }
Battalion Park
{ name: 'All Boys Program',
  lat: '51.02118',
  lng: '-114.13624',
  id: '221',
  grades: [ '0', '1', '2', '3', '4', '5', '6' ] }
All Boys Program
{ name: 'Acadia School',
  lat: '50.96771',
  lng: '-114.05293',
  id: '66',
  grades: [ '0', '1', '2', '3', '4' ] }
Acadia
{ name: 'Alex Munro School',
  lat: '51.12066',
  lng: '-114.06147',
  id: '58',
  grades: [ '0', '1', '2', '3', '4', '5', '6' ] }
Alex Munro
[ { id: '191',
    name: 'Battalion Park School',
    area: 'Calgary',
    rank_2013_14: ["138","813"],
    rank_5y: ["69","543"],
    rating_2013_14: '7.6',
    rating_5y: '7.8',
    grades: ["0","1","2","3","4","5","6"],
    lat: '51.0239',
    lng: '-114.18149' },
  { id: '221',
    name: 'All Boys Program',
    grades: ["0","1","2","3","4","5","6"],
    lat: '51.02118',
    lng: '-114.13624' },
  { id: '66',
    name: 'Acadia School',
    grades: ["0","1","2","3","4"],
    lat: '50.96771',
    lng: '-114.05293' },
  { id: '58',
    name: 'Alex Munro School',
    area: 'Calgary',
    rank_2013_14: ["624","813"],
    rank_5y: ["470","543"],
    rating_2013_14: '4.8',
    rating_5y: '4.5',
    grades: ["0","1","2","3","4","5","6"],
    lat: '51.12066',
    lng: '-114.06147' } ]
{"lat":"51.086346","lng":"-113.980110","programid":"1","grades":""}
timer: 1ms
{ name: 'Battalion Park School',
  lat: '51.0239',
  lng: '-114.18149',
  id: '191',
  grades: [ '0', '1', '2', '3', '4', '5', '6' ] }
Battalion Park
{ name: 'All Boys Program',
  lat: '51.02118',
  lng: '-114.13624',
  id: '221',
  grades: [ '0', '1', '2', '3', '4', '5', '6' ] }
All Boys Program
{ name: 'Acadia School',
  lat: '50.96771',
  lng: '-114.05293',
  id: '66',
  grades: [ '0', '1', '2', '3', '4' ] }
Acadia
{ name: 'Alex Munro School',
  lat: '51.12066',
  lng: '-114.06147',
  id: '58',
  grades: [ '0', '1', '2', '3', '4', '5', '6' ] }
Alex Munro
[ { id: '191',
    name: 'Battalion Park School',
    area: 'Calgary',
    rank_2013_14: ["138","813"],
    rank_5y: ["69","543"],
    rating_2013_14: '7.6',
    rating_5y: '7.8',
    grades: ["0","1","2","3","4","5","6"],
    lat: '51.0239',
    lng: '-114.18149' },
  { id: '221',
    name: 'All Boys Program',
    grades: ["0","1","2","3","4","5","6"],
    lat: '51.02118',
    lng: '-114.13624' },
  { id: '66',
    name: 'Acadia School',
    grades: ["0","1","2","3","4"],
    lat: '50.96771',
    lng: '-114.05293' },
  { id: '58',
    name: 'Alex Munro School',
    area: 'Calgary',
    rank_2013_14: ["624","813"],
    rank_5y: ["470","543"],
    rating_2013_14: '4.8',
    rating_5y: '4.5',
    grades: ["0","1","2","3","4","5","6"],
    lat: '51.12066',
    lng: '-114.06147' } ]
{"lat":"51.086346","lng":"-113.980110","programid":"1","grades":""}
timer: 1ms
{ name: 'Battalion Park School',
  lat: '51.0239',
  lng: '-114.18149',
  id: '191',
  grades: [ '0', '1', '2', '3', '4', '5', '6' ] }
Battalion Park
{ name: 'All Boys Program',
  lat: '51.02118',
  lng: '-114.13624',
  id: '221',
  grades: [ '0', '1', '2', '3', '4', '5', '6' ] }
All Boys Program
{ name: 'Acadia School',
  lat: '50.96771',
  lng: '-114.05293',
  id: '66',
  grades: [ '0', '1', '2', '3', '4' ] }
Acadia
{ name: 'Alex Munro School',
  lat: '51.12066',
  lng: '-114.06147',
  id: '58',
  grades: [ '0', '1', '2', '3', '4', '5', '6' ] }
Alex Munro
[ { id: '191',
    name: 'Battalion Park School',
    area: 'Calgary',
    rank_2013_14: ["138","813"],
    rank_5y: ["69","543"],
    rating_2013_14: '7.6',
    rating_5y: '7.8',
    grades: ["0","1","2","3","4","5","6"],
    lat: '51.0239',
    lng: '-114.18149' },
  { id: '221',
    name: 'All Boys Program',
    grades: ["0","1","2","3","4","5","6"],
    lat: '51.02118',
    lng: '-114.13624' },
  { id: '66',
    name: 'Acadia School',
    grades: ["0","1","2","3","4"],
    lat: '50.96771',
    lng: '-114.05293' },
  { id: '58',
    name: 'Alex Munro School',
    area: 'Calgary',
    rank_2013_14: ["624","813"],
    rank_5y: ["470","543"],
    rating_2013_14: '4.8',
    rating_5y: '4.5',
    grades: ["0","1","2","3","4","5","6"],
    lat: '51.12066',
    lng: '-114.06147' } ]
{"lat":"51.086346","lng":"-113.980110","programid":"1","grades":""}
timer: 1ms
{ name: 'Battalion Park School',
  lat: '51.0239',
  lng: '-114.18149',
  id: '191',
  grades: [ '0', '1', '2', '3', '4', '5', '6' ] }
Battalion Park
{ name: 'All Boys Program',
  lat: '51.02118',
  lng: '-114.13624',
  id: '221',
  grades: [ '0', '1', '2', '3', '4', '5', '6' ] }
All Boys Program
{ name: 'Acadia School',
  lat: '50.96771',
  lng: '-114.05293',
  id: '66',
  grades: [ '0', '1', '2', '3', '4' ] }
Acadia
{ name: 'Alex Munro School',
  lat: '51.12066',
  lng: '-114.06147',
  id: '58',
  grades: [ '0', '1', '2', '3', '4', '5', '6' ] }
Alex Munro
[ { id: '191',
    name: 'Battalion Park School',
    area: 'Calgary',
    rank_2013_14: ["138","813"],
    rank_5y: ["69","543"],
    rating_2013_14: '7.6',
    rating_5y: '7.8',
    grades: ["0","1","2","3","4","5","6"],
    lat: '51.0239',
    lng: '-114.18149' },
  { id: '221',
    name: 'All Boys Program',
    grades: ["0","1","2","3","4","5","6"],
    lat: '51.02118',
    lng: '-114.13624' },
  { id: '66',
    name: 'Acadia School',
    grades: ["0","1","2","3","4"],
    lat: '50.96771',
    lng: '-114.05293' },
  { id: '58',
    name: 'Alex Munro School',
    area: 'Calgary',
    rank_2013_14: ["624","813"],
    rank_5y: ["470","543"],
    rating_2013_14: '4.8',
    rating_5y: '4.5',
    grades: ["0","1","2","3","4","5","6"],
    lat: '51.12066',
    lng: '-114.06147' } ]
{"lat":"51.086346","lng":"-113.980110","programid":"1","grades":""}
timer: 1ms
{ name: 'Battalion Park School',
  lat: '51.0239',
  lng: '-114.18149',
  id: '191',
  grades: [ '0', '1', '2', '3', '4', '5', '6' ] }
Battalion Park
{ name: 'All Boys Program',
  lat: '51.02118',
  lng: '-114.13624',
  id: '221',
  grades: [ '0', '1', '2', '3', '4', '5', '6' ] }
All Boys Program
{ name: 'Acadia School',
  lat: '50.96771',
  lng: '-114.05293',
  id: '66',
  grades: [ '0', '1', '2', '3', '4' ] }
Acadia
{ name: 'Alex Munro School',
  lat: '51.12066',
  lng: '-114.06147',
  id: '58',
  grades: [ '0', '1', '2', '3', '4', '5', '6' ] }
Alex Munro
[ { id: '191',
    name: 'Battalion Park School',
    area: 'Calgary',
    rank_2013_14: ["138","813"],
    rank_5y: ["69","543"],
    rating_2013_14: '7.6',
    rating_5y: '7.8',
    grades: ["0","1","2","3","4","5","6"],
    lat: '51.0239',
    lng: '-114.18149' },
  { id: '221',
    name: 'All Boys Program',
    grades: ["0","1","2","3","4","5","6"],
    lat: '51.02118',
    lng: '-114.13624' },
  { id: '66',
    name: 'Acadia School',
    grades: ["0","1","2","3","4"],
    lat: '50.96771',
    lng: '-114.05293' },
  { id: '58',
    name: 'Alex Munro School',
    area: 'Calgary',
    rank_2013_14: ["624","813"],
    rank_5y: ["470","543"],
    rating_2013_14: '4.8',
    rating_5y: '4.5',
    grades: ["0","1","2","3","4","5","6"],
    lat: '51.12066',
    lng: '-114.06147' } ]
{"lat":"51.086346","lng":"-113.980110","programid":"1","grades":""}
timer: 1ms
{ name: 'Battalion Park School',
  lat: '51.0239',
  lng: '-114.18149',
  id: '191',
  grades: [ '0', '1', '2', '3', '4', '5', '6' ] }
Battalion Park
{ name: 'All Boys Program',
  lat: '51.02118',
  lng: '-114.13624',
  id: '221',
  grades: [ '0', '1', '2', '3', '4', '5', '6' ] }
All Boys Program
{ name: 'Acadia School',
  lat: '50.96771',
  lng: '-114.05293',
  id: '66',
  grades: [ '0', '1', '2', '3', '4' ] }
Acadia
{ name: 'Alex Munro School',
  lat: '51.12066',
  lng: '-114.06147',
  id: '58',
  grades: [ '0', '1', '2', '3', '4', '5', '6' ] }
Alex Munro
[ { id: '191',
    name: 'Battalion Park School',
    area: 'Calgary',
    rank_2013_14: ["138","813"],
    rank_5y: ["69","543"],
    rating_2013_14: '7.6',
    rating_5y: '7.8',
    grades: ["0","1","2","3","4","5","6"],
    lat: '51.0239',
    lng: '-114.18149' },
  { id: '221',
    name: 'All Boys Program',
    grades: ["0","1","2","3","4","5","6"],
    lat: '51.02118',
    lng: '-114.13624' },
  { id: '66',
    name: 'Acadia School',
    grades: ["0","1","2","3","4"],
    lat: '50.96771',
    lng: '-114.05293' },
  { id: '58',
    name: 'Alex Munro School',
    area: 'Calgary',
    rank_2013_14: ["624","813"],
    rank_5y: ["470","543"],
    rating_2013_14: '4.8',
    rating_5y: '4.5',
    grades: ["0","1","2","3","4","5","6"],
    lat: '51.12066',
    lng: '-114.06147' } ]
{"lat":"51.086346","lng":"-113.980110","programid":"1","grades":""}
timer: 1ms
{ name: 'Battalion Park School',
  lat: '51.0239',
  lng: '-114.18149',
  id: '191',
  grades: [ '0', '1', '2', '3', '4', '5', '6' ] }
Battalion Park
{ name: 'All Boys Program',
  lat: '51.02118',
  lng: '-114.13624',
  id: '221',
  grades: [ '0', '1', '2', '3', '4', '5', '6' ] }
All Boys Program
{ name: 'Acadia School',
  lat: '50.96771',
  lng: '-114.05293',
  id: '66',
  grades: [ '0', '1', '2', '3', '4' ] }
Acadia
{ name: 'Alex Munro School',
  lat: '51.12066',
  lng: '-114.06147',
  id: '58',
  grades: [ '0', '1', '2', '3', '4', '5', '6' ] }
Alex Munro
[ { id: '191',
    name: 'Battalion Park School',
    area: 'Calgary',
    rank_2013_14: ["138","813"],
    rank_5y: ["69","543"],
    rating_2013_14: '7.6',
    rating_5y: '7.8',
    grades: ["0","1","2","3","4","5","6"],
    lat: '51.0239',
    lng: '-114.18149' },
  { id: '221',
    name: 'All Boys Program',
    grades: ["0","1","2","3","4","5","6"],
    lat: '51.02118',
    lng: '-114.13624' },
  { id: '66',
    name: 'Acadia School',
    grades: ["0","1","2","3","4"],
    lat: '50.96771',
    lng: '-114.05293' },
  { id: '58',
    name: 'Alex Munro School',
    area: 'Calgary',
    rank_2013_14: ["624","813"],
    rank_5y: ["470","543"],
    rating_2013_14: '4.8',
    rating_5y: '4.5',
    grades: ["0","1","2","3","4","5","6"],
    lat: '51.12066',
    lng: '-114.06147' } ]
{"lat":"51.086346","lng":"-113.980110","programid":"1","grades":""}
timer: 0ms
{ name: 'Battalion Park School',
  lat: '51.0239',
  lng: '-114.18149',
  id: '191',
  grades: [ '0', '1', '2', '3', '4', '5', '6' ] }
Battalion Park
{ name: 'All Boys Program',
  lat: '51.02118',
  lng: '-114.13624',
  id: '221',
  grades: [ '0', '1', '2', '3', '4', '5', '6' ] }
All Boys Program
{ name: 'Acadia School',
  lat: '50.96771',
  lng: '-114.05293',
  id: '66',
  grades: [ '0', '1', '2', '3', '4' ] }
Acadia
{ name: 'Alex Munro School',
  lat: '51.12066',
  lng: '-114.06147',
  id: '58',
  grades: [ '0', '1', '2', '3', '4', '5', '6' ] }
Alex Munro
[ { id: '191',
    name: 'Battalion Park School',
    area: 'Calgary',
    rank_2013_14: ["138","813"],
    rank_5y: ["69","543"],
    rating_2013_14: '7.6',
    rating_5y: '7.8',
    grades: ["0","1","2","3","4","5","6"],
    lat: '51.0239',
    lng: '-114.18149' },
  { id: '221',
    name: 'All Boys Program',
    grades: ["0","1","2","3","4","5","6"],
    lat: '51.02118',
    lng: '-114.13624' },
  { id: '66',
    name: 'Acadia School',
    grades: ["0","1","2","3","4"],
    lat: '50.96771',
    lng: '-114.05293' },
  { id: '58',
    name: 'Alex Munro School',
    area: 'Calgary',
    rank_2013_14: ["624","813"],
    rank_5y: ["470","543"],
    rating_2013_14: '4.8',
    rating_5y: '4.5',
    grades: ["0","1","2","3","4","5","6"],
    lat: '51.12066',
    lng: '-114.06147' } ]
Express server listening on port 8000
{"lat":"51.086346","lng":"-113.980110","programid":"1","grades":""}
timer: 6ms
{ name: 'Battalion Park School',
  lat: '51.0239',
  lng: '-114.18149',
  id: '191',
  addr: '369 Sienna Park Dr SW Calgary, AB T3H 4S2',
  phone: '403-777-7187',
  postcode: 'T3H4S2',
  grades: [ '0', '1', '2', '3', '4', '5', '6' ] }
Battalion Park
{ name: 'All Boys Program',
  lat: '51.02118',
  lng: '-114.13624',
  id: '221',
  addr: '3519 - 36 Avenue SW Calgary, AB T3E 1C2',
  phone: '403-777-8400',
  postcode: 'T3E1C2',
  grades: [ '0', '1', '2', '3', '4', '5', '6' ] }
All Boys Program
{ name: 'Acadia School',
  lat: '50.96771',
  lng: '-114.05293',
  id: '66',
  addr: '9603 5 St SE Calgary, AB T2J 1K4',
  phone: '403-777-8440',
  postcode: 'T2J1K4',
  grades: [ '0', '1', '2', '3', '4' ] }
Acadia
{ name: 'Alex Munro School',
  lat: '51.12066',
  lng: '-114.06147',
  id: '58',
  addr: '427 78 Ave NE Calgary, AB T2K 0R9',
  phone: '403-777-6600',
  postcode: 'T2K0R9',
  grades: [ '0', '1', '2', '3', '4', '5', '6' ] }
Alex Munro
[ { id: '191',
    name: 'Battalion Park School',
    area: 'Calgary',
    rank_2013_14: [138,813],
    rank_5y: [69,543],
    rating_2013_14: 7.6,
    rating_5y: 7.8,
    grades: ["0","1","2","3","4","5","6"],
    postcode: 'T3H4S2',
    phone: '403-777-7187',
    addr: '369 Sienna Park Dr SW Calgary, AB T3H 4S2',
    lat: '51.0239',
    lng: '-114.18149' },
  { id: '221',
    name: 'All Boys Program',
    area: 'Calgary',
    grades: ["0","1","2","3","4","5","6"],
    postcode: 'T3E1C2',
    phone: '403-777-8400',
    addr: '3519 - 36 Avenue SW Calgary, AB T3E 1C2',
    lat: '51.02118',
    lng: '-114.13624' },
  { id: '66',
    name: 'Acadia School',
    area: 'Calgary',
    grades: ["0","1","2","3","4"],
    postcode: 'T2J1K4',
    phone: '403-777-8440',
    addr: '9603 5 St SE Calgary, AB T2J 1K4',
    lat: '50.96771',
    lng: '-114.05293' },
  { id: '58',
    name: 'Alex Munro School',
    area: 'Calgary',
    rank_2013_14: [624,813],
    rank_5y: [470,543],
    rating_2013_14: 4.8,
    rating_5y: 4.5,
    grades: ["0","1","2","3","4","5","6"],
    postcode: 'T2K0R9',
    phone: '403-777-6600',
    addr: '427 78 Ave NE Calgary, AB T2K 0R9',
    lat: '51.12066',
    lng: '-114.06147' } ]
{"lat":"51.086346","lng":"-113.980110","programid":"1","grades":""}
timer: 2ms
{ name: 'Battalion Park School',
  lat: '51.0239',
  lng: '-114.18149',
  id: '191',
  addr: '369 Sienna Park Dr SW Calgary, AB T3H 4S2',
  phone: '403-777-7187',
  postcode: 'T3H4S2',
  grades: [ '0', '1', '2', '3', '4', '5', '6' ] }
Battalion Park
{ name: 'All Boys Program',
  lat: '51.02118',
  lng: '-114.13624',
  id: '221',
  addr: '3519 - 36 Avenue SW Calgary, AB T3E 1C2',
  phone: '403-777-8400',
  postcode: 'T3E1C2',
  grades: [ '0', '1', '2', '3', '4', '5', '6' ] }
All Boys Program
{ name: 'Acadia School',
  lat: '50.96771',
  lng: '-114.05293',
  id: '66',
  addr: '9603 5 St SE Calgary, AB T2J 1K4',
  phone: '403-777-8440',
  postcode: 'T2J1K4',
  grades: [ '0', '1', '2', '3', '4' ] }
Acadia
{ name: 'Alex Munro School',
  lat: '51.12066',
  lng: '-114.06147',
  id: '58',
  addr: '427 78 Ave NE Calgary, AB T2K 0R9',
  phone: '403-777-6600',
  postcode: 'T2K0R9',
  grades: [ '0', '1', '2', '3', '4', '5', '6' ] }
Alex Munro
[ { id: '191',
    name: 'Battalion Park School',
    area: 'Calgary',
    rank_2013_14: [138,813],
    rank_5y: [69,543],
    rating_2013_14: 7.6,
    rating_5y: 7.8,
    grades: ["0","1","2","3","4","5","6"],
    postcode: 'T3H4S2',
    phone: '403-777-7187',
    addr: '369 Sienna Park Dr SW Calgary, AB T3H 4S2',
    lat: '51.0239',
    lng: '-114.18149' },
  { id: '221',
    name: 'All Boys Program',
    area: 'Calgary',
    grades: ["0","1","2","3","4","5","6"],
    postcode: 'T3E1C2',
    phone: '403-777-8400',
    addr: '3519 - 36 Avenue SW Calgary, AB T3E 1C2',
    lat: '51.02118',
    lng: '-114.13624' },
  { id: '66',
    name: 'Acadia School',
    area: 'Calgary',
    grades: ["0","1","2","3","4"],
    postcode: 'T2J1K4',
    phone: '403-777-8440',
    addr: '9603 5 St SE Calgary, AB T2J 1K4',
    lat: '50.96771',
    lng: '-114.05293' },
  { id: '58',
    name: 'Alex Munro School',
    area: 'Calgary',
    rank_2013_14: [624,813],
    rank_5y: [470,543],
    rating_2013_14: 4.8,
    rating_5y: 4.5,
    grades: ["0","1","2","3","4","5","6"],
    postcode: 'T2K0R9',
    phone: '403-777-6600',
    addr: '427 78 Ave NE Calgary, AB T2K 0R9',
    lat: '51.12066',
    lng: '-114.06147' } ]
{"lat":"51.086542","lng":"-113.979885","programid":"1","grades":""}
timer: 2ms
{ name: 'Battalion Park School',
  lat: '51.0239',
  lng: '-114.18149',
  id: '191',
  addr: '369 Sienna Park Dr SW Calgary, AB T3H 4S2',
  phone: '403-777-7187',
  postcode: 'T3H4S2',
  grades: [ '0', '1', '2', '3', '4', '5', '6' ] }
Battalion Park
{ name: 'All Boys Program',
  lat: '51.02118',
  lng: '-114.13624',
  id: '221',
  addr: '3519 - 36 Avenue SW Calgary, AB T3E 1C2',
  phone: '403-777-8400',
  postcode: 'T3E1C2',
  grades: [ '0', '1', '2', '3', '4', '5', '6' ] }
All Boys Program
{ name: 'Acadia School',
  lat: '50.96771',
  lng: '-114.05293',
  id: '66',
  addr: '9603 5 St SE Calgary, AB T2J 1K4',
  phone: '403-777-8440',
  postcode: 'T2J1K4',
  grades: [ '0', '1', '2', '3', '4' ] }
Acadia
{ name: 'Alex Munro School',
  lat: '51.12066',
  lng: '-114.06147',
  id: '58',
  addr: '427 78 Ave NE Calgary, AB T2K 0R9',
  phone: '403-777-6600',
  postcode: 'T2K0R9',
  grades: [ '0', '1', '2', '3', '4', '5', '6' ] }
Alex Munro
[ { id: '191',
    name: 'Battalion Park School',
    area: 'Calgary',
    rank_2013_14: [138,813],
    rank_5y: [69,543],
    rating_2013_14: 7.6,
    rating_5y: 7.8,
    grades: ["0","1","2","3","4","5","6"],
    postcode: 'T3H4S2',
    phone: '403-777-7187',
    addr: '369 Sienna Park Dr SW Calgary, AB T3H 4S2',
    lat: '51.0239',
    lng: '-114.18149' },
  { id: '221',
    name: 'All Boys Program',
    area: 'Calgary',
    grades: ["0","1","2","3","4","5","6"],
    postcode: 'T3E1C2',
    phone: '403-777-8400',
    addr: '3519 - 36 Avenue SW Calgary, AB T3E 1C2',
    lat: '51.02118',
    lng: '-114.13624' },
  { id: '66',
    name: 'Acadia School',
    area: 'Calgary',
    grades: ["0","1","2","3","4"],
    postcode: 'T2J1K4',
    phone: '403-777-8440',
    addr: '9603 5 St SE Calgary, AB T2J 1K4',
    lat: '50.96771',
    lng: '-114.05293' },
  { id: '58',
    name: 'Alex Munro School',
    area: 'Calgary',
    rank_2013_14: [624,813],
    rank_5y: [470,543],
    rating_2013_14: 4.8,
    rating_5y: 4.5,
    grades: ["0","1","2","3","4","5","6"],
    postcode: 'T2K0R9',
    phone: '403-777-6600',
    addr: '427 78 Ave NE Calgary, AB T2K 0R9',
    lat: '51.12066',
    lng: '-114.06147' } ]
Express server listening on port 8000
timerHandleGETPostcode: 8ms
{"lat":"51.086346","lng":"-113.980110","programid":"1","grades":""}
timerHandleFindSchoolData: 6ms
{ name: 'Colonel J. Fred Scott School',
  lat: '51.08783',
  lng: '-113.96779',
  id: '88',
  addr: '171 Whitehorn Rd NE Calgary, AB T1Y 3C4',
  phone: '403-777-6710',
  postcode: 'T1Y3C4',
  grades: [ '0', '1', '2', '3', '4', '5', '6' ] }
Colonel J. Fred Scott
{ name: 'Chief Justice Milvain School',
  lat: '51.0839',
  lng: '-113.97188',
  id: '97',
  addr: '3428 42 St NE Calgary, AB T1Y 6A3',
  phone: '403-777-6700',
  postcode: 'T1Y6A3',
  grades: [ '0', '1', '2', '3', '4', '5', '6' ] }
Chief Justice Milvain
{ name: 'Annie Gale School',
  lat: '51.08904',
  lng: '-113.96894',
  id: '162',
  addr: '577 Whiteridge Way NE Calgary, AB T1Y 4S8',
  phone: '403-777-7680',
  postcode: 'T1Y4S8',
  grades: [ '6', '7', '8', '9' ] }
Annie Gale
{ name: 'Lester B. Pearson High School',
  lat: '51.077',
  lng: '-113.95651',
  id: '184',
  addr: '3020 52 St NE Calgary, AB T1Y 5P4',
  phone: '403-280-6565',
  postcode: 'T1Y5P4',
  grades: [ '10', '11', '12' ] }
Lester B. Pearson High
[ { id: '88',
    name: 'Colonel J. Fred Scott School',
    area: 'Calgary',
    rank_2013_14: [754,813],
    rank_5y: [430,543],
    rating_2013_14: 3.2,
    rating_5y: 4.9,
    grades: ["0","1","2","3","4","5","6"],
    postcode: 'T1Y3C4',
    phone: '403-777-6710',
    addr: '171 Whitehorn Rd NE Calgary, AB T1Y 3C4',
    lat: '51.08783',
    lng: '-113.96779' },
  { id: '97',
    name: 'Chief Justice Milvain School',
    area: 'Calgary',
    rank_2013_14: [508,813],
    rank_5y: [425,543],
    rating_2013_14: 5.6,
    rating_5y: 5,
    grades: ["0","1","2","3","4","5","6"],
    postcode: 'T1Y6A3',
    phone: '403-777-6700',
    addr: '3428 42 St NE Calgary, AB T1Y 6A3',
    lat: '51.0839',
    lng: '-113.97188' },
  { id: '162',
    name: 'Annie Gale School',
    area: 'Calgary',
    grades: ["6","7","8","9"],
    postcode: 'T1Y4S8',
    phone: '403-777-7680',
    addr: '577 Whiteridge Way NE Calgary, AB T1Y 4S8',
    lat: '51.08904',
    lng: '-113.96894' },
  { id: '184',
    name: 'Lester B. Pearson High School',
    area: 'Calgary',
    grades: ["10","11","12"],
    postcode: 'T1Y5P4',
    phone: '403-280-6565',
    addr: '3020 52 St NE Calgary, AB T1Y 5P4',
    lat: '51.077',
    lng: '-113.95651' } ]
timerHandleGETPostcode: 3ms
{"lat":"51.096454","lng":"-114.133065","programid":"1","grades":""}
timerHandleFindSchoolData: 2ms
{ name: 'Captain John Palliser School',
  lat: '51.09643',
  lng: '-114.13642',
  id: '33',
  addr: '1484 Northmount Dr NW Calgary, AB T2L 0G6',
  phone: '403-777-6170',
  postcode: 'T2L0G6',
  grades: [ '0', '1', '2', '3', '4', '5', '6' ] }
Captain John Palliser
{ name: 'Simon Fraser School',
  lat: '51.10085',
  lng: '-114.1359',
  id: '149',
  addr: '5215 33 St NW Calgary, AB T2L 1V3',
  phone: '403-777-7290',
  postcode: 'T2L1V3',
  grades: [ '5', '6', '7', '8', '9' ] }
Simon Fraser
{ name: 'Sir Winston Churchill High School',
  lat: '51.10007',
  lng: '-114.13968',
  id: '180',
  addr: '5220 Northland Dr NW Calgary, AB T2L 2J6',
  phone: '403-289-9241',
  postcode: 'T2L2J6',
  grades: [ '10', '11', '12' ] }
Sir Winston Churchill High
[ { id: '33',
    name: 'Captain John Palliser School',
    area: 'Calgary',
    rank_2013_14: [239,813],
    rank_5y: [110,543],
    rating_2013_14: 7,
    rating_5y: 7.4,
    grades: ["0","1","2","3","4","5","6"],
    postcode: 'T2L0G6',
    phone: '403-777-6170',
    addr: '1484 Northmount Dr NW Calgary, AB T2L 0G6',
    lat: '51.09643',
    lng: '-114.13642' },
  { id: '149',
    name: 'Simon Fraser School',
    area: 'Calgary',
    grades: ["5","6","7","8","9"],
    postcode: 'T2L1V3',
    phone: '403-777-7290',
    addr: '5215 33 St NW Calgary, AB T2L 1V3',
    lat: '51.10085',
    lng: '-114.1359' },
  { id: '180',
    name: 'Sir Winston Churchill High School',
    area: 'Calgary',
    grades: ["10","11","12"],
    postcode: 'T2L2J6',
    phone: '403-289-9241',
    addr: '5220 Northland Dr NW Calgary, AB T2L 2J6',
    lat: '51.10007',
    lng: '-114.13968' } ]
timerHandleGETPostcode: 4ms
{"lat":"51.096454","lng":"-114.133065","programid":"1","grades":""}
timerHandleFindSchoolData: 1ms
{ name: 'Captain John Palliser School',
  lat: '51.09643',
  lng: '-114.13642',
  id: '33',
  addr: '1484 Northmount Dr NW Calgary, AB T2L 0G6',
  phone: '403-777-6170',
  postcode: 'T2L0G6',
  grades: [ '0', '1', '2', '3', '4', '5', '6' ] }
Captain John Palliser
{ name: 'Simon Fraser School',
  lat: '51.10085',
  lng: '-114.1359',
  id: '149',
  addr: '5215 33 St NW Calgary, AB T2L 1V3',
  phone: '403-777-7290',
  postcode: 'T2L1V3',
  grades: [ '5', '6', '7', '8', '9' ] }
Simon Fraser
{ name: 'Sir Winston Churchill High School',
  lat: '51.10007',
  lng: '-114.13968',
  id: '180',
  addr: '5220 Northland Dr NW Calgary, AB T2L 2J6',
  phone: '403-289-9241',
  postcode: 'T2L2J6',
  grades: [ '10', '11', '12' ] }
Sir Winston Churchill High
[ { id: '33',
    name: 'Captain John Palliser School',
    area: 'Calgary',
    rank_2013_14: [239,813],
    rank_5y: [110,543],
    rating_2013_14: 7,
    rating_5y: 7.4,
    grades: ["0","1","2","3","4","5","6"],
    postcode: 'T2L0G6',
    phone: '403-777-6170',
    addr: '1484 Northmount Dr NW Calgary, AB T2L 0G6',
    lat: '51.09643',
    lng: '-114.13642' },
  { id: '149',
    name: 'Simon Fraser School',
    area: 'Calgary',
    grades: ["5","6","7","8","9"],
    postcode: 'T2L1V3',
    phone: '403-777-7290',
    addr: '5215 33 St NW Calgary, AB T2L 1V3',
    lat: '51.10085',
    lng: '-114.1359' },
  { id: '180',
    name: 'Sir Winston Churchill High School',
    area: 'Calgary',
    grades: ["10","11","12"],
    postcode: 'T2L2J6',
    phone: '403-289-9241',
    addr: '5220 Northland Dr NW Calgary, AB T2L 2J6',
    lat: '51.10007',
    lng: '-114.13968' } ]
timerHandleGETPostcode: 1ms
{"lat":"51.086346","lng":"-113.980110","programid":"1","grades":""}
timerHandleFindSchoolData: 1ms
{ name: 'Colonel J. Fred Scott School',
  lat: '51.08783',
  lng: '-113.96779',
  id: '88',
  addr: '171 Whitehorn Rd NE Calgary, AB T1Y 3C4',
  phone: '403-777-6710',
  postcode: 'T1Y3C4',
  grades: [ '0', '1', '2', '3', '4', '5', '6' ] }
Colonel J. Fred Scott
{ name: 'Chief Justice Milvain School',
  lat: '51.0839',
  lng: '-113.97188',
  id: '97',
  addr: '3428 42 St NE Calgary, AB T1Y 6A3',
  phone: '403-777-6700',
  postcode: 'T1Y6A3',
  grades: [ '0', '1', '2', '3', '4', '5', '6' ] }
Chief Justice Milvain
{ name: 'Annie Gale School',
  lat: '51.08904',
  lng: '-113.96894',
  id: '162',
  addr: '577 Whiteridge Way NE Calgary, AB T1Y 4S8',
  phone: '403-777-7680',
  postcode: 'T1Y4S8',
  grades: [ '6', '7', '8', '9' ] }
Annie Gale
{ name: 'Lester B. Pearson High School',
  lat: '51.077',
  lng: '-113.95651',
  id: '184',
  addr: '3020 52 St NE Calgary, AB T1Y 5P4',
  phone: '403-280-6565',
  postcode: 'T1Y5P4',
  grades: [ '10', '11', '12' ] }
Lester B. Pearson High
[ { id: '88',
    name: 'Colonel J. Fred Scott School',
    area: 'Calgary',
    rank_2013_14: [754,813],
    rank_5y: [430,543],
    rating_2013_14: 3.2,
    rating_5y: 4.9,
    grades: ["0","1","2","3","4","5","6"],
    postcode: 'T1Y3C4',
    phone: '403-777-6710',
    addr: '171 Whitehorn Rd NE Calgary, AB T1Y 3C4',
    lat: '51.08783',
    lng: '-113.96779' },
  { id: '97',
    name: 'Chief Justice Milvain School',
    area: 'Calgary',
    rank_2013_14: [508,813],
    rank_5y: [425,543],
    rating_2013_14: 5.6,
    rating_5y: 5,
    grades: ["0","1","2","3","4","5","6"],
    postcode: 'T1Y6A3',
    phone: '403-777-6700',
    addr: '3428 42 St NE Calgary, AB T1Y 6A3',
    lat: '51.0839',
    lng: '-113.97188' },
  { id: '162',
    name: 'Annie Gale School',
    area: 'Calgary',
    grades: ["6","7","8","9"],
    postcode: 'T1Y4S8',
    phone: '403-777-7680',
    addr: '577 Whiteridge Way NE Calgary, AB T1Y 4S8',
    lat: '51.08904',
    lng: '-113.96894' },
  { id: '184',
    name: 'Lester B. Pearson High School',
    area: 'Calgary',
    grades: ["10","11","12"],
    postcode: 'T1Y5P4',
    phone: '403-280-6565',
    addr: '3020 52 St NE Calgary, AB T1Y 5P4',
    lat: '51.077',
    lng: '-113.95651' } ]
timerHandleGETPostcode: 1ms
{"lat":"51.086346","lng":"-113.980110","programid":"1","grades":""}
timerHandleFindSchoolData: 1ms
{ name: 'Colonel J. Fred Scott School',
  lat: '51.08783',
  lng: '-113.96779',
  id: '88',
  addr: '171 Whitehorn Rd NE Calgary, AB T1Y 3C4',
  phone: '403-777-6710',
  postcode: 'T1Y3C4',
  grades: [ '0', '1', '2', '3', '4', '5', '6' ] }
Colonel J. Fred Scott
{ name: 'Chief Justice Milvain School',
  lat: '51.0839',
  lng: '-113.97188',
  id: '97',
  addr: '3428 42 St NE Calgary, AB T1Y 6A3',
  phone: '403-777-6700',
  postcode: 'T1Y6A3',
  grades: [ '0', '1', '2', '3', '4', '5', '6' ] }
Chief Justice Milvain
{ name: 'Annie Gale School',
  lat: '51.08904',
  lng: '-113.96894',
  id: '162',
  addr: '577 Whiteridge Way NE Calgary, AB T1Y 4S8',
  phone: '403-777-7680',
  postcode: 'T1Y4S8',
  grades: [ '6', '7', '8', '9' ] }
Annie Gale
{ name: 'Lester B. Pearson High School',
  lat: '51.077',
  lng: '-113.95651',
  id: '184',
  addr: '3020 52 St NE Calgary, AB T1Y 5P4',
  phone: '403-280-6565',
  postcode: 'T1Y5P4',
  grades: [ '10', '11', '12' ] }
Lester B. Pearson High
[ { id: '88',
    name: 'Colonel J. Fred Scott School',
    area: 'Calgary',
    rank_2013_14: [754,813],
    rank_5y: [430,543],
    rating_2013_14: 3.2,
    rating_5y: 4.9,
    grades: ["0","1","2","3","4","5","6"],
    postcode: 'T1Y3C4',
    phone: '403-777-6710',
    addr: '171 Whitehorn Rd NE Calgary, AB T1Y 3C4',
    lat: '51.08783',
    lng: '-113.96779' },
  { id: '97',
    name: 'Chief Justice Milvain School',
    area: 'Calgary',
    rank_2013_14: [508,813],
    rank_5y: [425,543],
    rating_2013_14: 5.6,
    rating_5y: 5,
    grades: ["0","1","2","3","4","5","6"],
    postcode: 'T1Y6A3',
    phone: '403-777-6700',
    addr: '3428 42 St NE Calgary, AB T1Y 6A3',
    lat: '51.0839',
    lng: '-113.97188' },
  { id: '162',
    name: 'Annie Gale School',
    area: 'Calgary',
    grades: ["6","7","8","9"],
    postcode: 'T1Y4S8',
    phone: '403-777-7680',
    addr: '577 Whiteridge Way NE Calgary, AB T1Y 4S8',
    lat: '51.08904',
    lng: '-113.96894' },
  { id: '184',
    name: 'Lester B. Pearson High School',
    area: 'Calgary',
    grades: ["10","11","12"],
    postcode: 'T1Y5P4',
    phone: '403-280-6565',
    addr: '3020 52 St NE Calgary, AB T1Y 5P4',
    lat: '51.077',
    lng: '-113.95651' } ]
timerHandleGETPostcode: 1ms
{"lat":"51.086346","lng":"-113.980110","programid":"1","grades":""}
timerHandleFindSchoolData: 1ms
{ name: 'Colonel J. Fred Scott School',
  lat: '51.08783',
  lng: '-113.96779',
  id: '88',
  addr: '171 Whitehorn Rd NE Calgary, AB T1Y 3C4',
  phone: '403-777-6710',
  postcode: 'T1Y3C4',
  grades: [ '0', '1', '2', '3', '4', '5', '6' ] }
Colonel J. Fred Scott
{ name: 'Chief Justice Milvain School',
  lat: '51.0839',
  lng: '-113.97188',
  id: '97',
  addr: '3428 42 St NE Calgary, AB T1Y 6A3',
  phone: '403-777-6700',
  postcode: 'T1Y6A3',
  grades: [ '0', '1', '2', '3', '4', '5', '6' ] }
Chief Justice Milvain
{ name: 'Annie Gale School',
  lat: '51.08904',
  lng: '-113.96894',
  id: '162',
  addr: '577 Whiteridge Way NE Calgary, AB T1Y 4S8',
  phone: '403-777-7680',
  postcode: 'T1Y4S8',
  grades: [ '6', '7', '8', '9' ] }
Annie Gale
{ name: 'Lester B. Pearson High School',
  lat: '51.077',
  lng: '-113.95651',
  id: '184',
  addr: '3020 52 St NE Calgary, AB T1Y 5P4',
  phone: '403-280-6565',
  postcode: 'T1Y5P4',
  grades: [ '10', '11', '12' ] }
Lester B. Pearson High
[ { id: '88',
    name: 'Colonel J. Fred Scott School',
    area: 'Calgary',
    rank_2013_14: [754,813],
    rank_5y: [430,543],
    rating_2013_14: 3.2,
    rating_5y: 4.9,
    grades: ["0","1","2","3","4","5","6"],
    postcode: 'T1Y3C4',
    phone: '403-777-6710',
    addr: '171 Whitehorn Rd NE Calgary, AB T1Y 3C4',
    lat: '51.08783',
    lng: '-113.96779' },
  { id: '97',
    name: 'Chief Justice Milvain School',
    area: 'Calgary',
    rank_2013_14: [508,813],
    rank_5y: [425,543],
    rating_2013_14: 5.6,
    rating_5y: 5,
    grades: ["0","1","2","3","4","5","6"],
    postcode: 'T1Y6A3',
    phone: '403-777-6700',
    addr: '3428 42 St NE Calgary, AB T1Y 6A3',
    lat: '51.0839',
    lng: '-113.97188' },
  { id: '162',
    name: 'Annie Gale School',
    area: 'Calgary',
    grades: ["6","7","8","9"],
    postcode: 'T1Y4S8',
    phone: '403-777-7680',
    addr: '577 Whiteridge Way NE Calgary, AB T1Y 4S8',
    lat: '51.08904',
    lng: '-113.96894' },
  { id: '184',
    name: 'Lester B. Pearson High School',
    area: 'Calgary',
    grades: ["10","11","12"],
    postcode: 'T1Y5P4',
    phone: '403-280-6565',
    addr: '3020 52 St NE Calgary, AB T1Y 5P4',
    lat: '51.077',
    lng: '-113.95651' } ]
timerHandleGETPostcode: 2ms
{"lat":"51.086346","lng":"-113.980110","programid":"1","grades":""}
timerHandleFindSchoolData: 1ms
{ name: 'Colonel J. Fred Scott School',
  lat: '51.08783',
  lng: '-113.96779',
  id: '88',
  addr: '171 Whitehorn Rd NE Calgary, AB T1Y 3C4',
  phone: '403-777-6710',
  postcode: 'T1Y3C4',
  grades: [ '0', '1', '2', '3', '4', '5', '6' ] }
Colonel J. Fred Scott
{ name: 'Chief Justice Milvain School',
  lat: '51.0839',
  lng: '-113.97188',
  id: '97',
  addr: '3428 42 St NE Calgary, AB T1Y 6A3',
  phone: '403-777-6700',
  postcode: 'T1Y6A3',
  grades: [ '0', '1', '2', '3', '4', '5', '6' ] }
Chief Justice Milvain
{ name: 'Annie Gale School',
  lat: '51.08904',
  lng: '-113.96894',
  id: '162',
  addr: '577 Whiteridge Way NE Calgary, AB T1Y 4S8',
  phone: '403-777-7680',
  postcode: 'T1Y4S8',
  grades: [ '6', '7', '8', '9' ] }
Annie Gale
{ name: 'Lester B. Pearson High School',
  lat: '51.077',
  lng: '-113.95651',
  id: '184',
  addr: '3020 52 St NE Calgary, AB T1Y 5P4',
  phone: '403-280-6565',
  postcode: 'T1Y5P4',
  grades: [ '10', '11', '12' ] }
Lester B. Pearson High
[ { id: '88',
    name: 'Colonel J. Fred Scott School',
    area: 'Calgary',
    rank_2013_14: [754,813],
    rank_5y: [430,543],
    rating_2013_14: 3.2,
    rating_5y: 4.9,
    grades: ["0","1","2","3","4","5","6"],
    postcode: 'T1Y3C4',
    phone: '403-777-6710',
    addr: '171 Whitehorn Rd NE Calgary, AB T1Y 3C4',
    lat: '51.08783',
    lng: '-113.96779' },
  { id: '97',
    name: 'Chief Justice Milvain School',
    area: 'Calgary',
    rank_2013_14: [508,813],
    rank_5y: [425,543],
    rating_2013_14: 5.6,
    rating_5y: 5,
    grades: ["0","1","2","3","4","5","6"],
    postcode: 'T1Y6A3',
    phone: '403-777-6700',
    addr: '3428 42 St NE Calgary, AB T1Y 6A3',
    lat: '51.0839',
    lng: '-113.97188' },
  { id: '162',
    name: 'Annie Gale School',
    area: 'Calgary',
    grades: ["6","7","8","9"],
    postcode: 'T1Y4S8',
    phone: '403-777-7680',
    addr: '577 Whiteridge Way NE Calgary, AB T1Y 4S8',
    lat: '51.08904',
    lng: '-113.96894' },
  { id: '184',
    name: 'Lester B. Pearson High School',
    area: 'Calgary',
    grades: ["10","11","12"],
    postcode: 'T1Y5P4',
    phone: '403-280-6565',
    addr: '3020 52 St NE Calgary, AB T1Y 5P4',
    lat: '51.077',
    lng: '-113.95651' } ]
timerHandleGETPostcode: 1ms
{"lat":"51.086346","lng":"-113.980110","programid":"1","grades":""}
timerHandleFindSchoolData: 1ms
{ name: 'Colonel J. Fred Scott School',
  lat: '51.08783',
  lng: '-113.96779',
  id: '88',
  addr: '171 Whitehorn Rd NE Calgary, AB T1Y 3C4',
  phone: '403-777-6710',
  postcode: 'T1Y3C4',
  grades: [ '0', '1', '2', '3', '4', '5', '6' ] }
Colonel J. Fred Scott
{ name: 'Chief Justice Milvain School',
  lat: '51.0839',
  lng: '-113.97188',
  id: '97',
  addr: '3428 42 St NE Calgary, AB T1Y 6A3',
  phone: '403-777-6700',
  postcode: 'T1Y6A3',
  grades: [ '0', '1', '2', '3', '4', '5', '6' ] }
Chief Justice Milvain
{ name: 'Annie Gale School',
  lat: '51.08904',
  lng: '-113.96894',
  id: '162',
  addr: '577 Whiteridge Way NE Calgary, AB T1Y 4S8',
  phone: '403-777-7680',
  postcode: 'T1Y4S8',
  grades: [ '6', '7', '8', '9' ] }
Annie Gale
{ name: 'Lester B. Pearson High School',
  lat: '51.077',
  lng: '-113.95651',
  id: '184',
  addr: '3020 52 St NE Calgary, AB T1Y 5P4',
  phone: '403-280-6565',
  postcode: 'T1Y5P4',
  grades: [ '10', '11', '12' ] }
Lester B. Pearson High
[ { id: '88',
    name: 'Colonel J. Fred Scott School',
    area: 'Calgary',
    rank_2013_14: [754,813],
    rank_5y: [430,543],
    rating_2013_14: 3.2,
    rating_5y: 4.9,
    grades: ["0","1","2","3","4","5","6"],
    postcode: 'T1Y3C4',
    phone: '403-777-6710',
    addr: '171 Whitehorn Rd NE Calgary, AB T1Y 3C4',
    lat: '51.08783',
    lng: '-113.96779' },
  { id: '97',
    name: 'Chief Justice Milvain School',
    area: 'Calgary',
    rank_2013_14: [508,813],
    rank_5y: [425,543],
    rating_2013_14: 5.6,
    rating_5y: 5,
    grades: ["0","1","2","3","4","5","6"],
    postcode: 'T1Y6A3',
    phone: '403-777-6700',
    addr: '3428 42 St NE Calgary, AB T1Y 6A3',
    lat: '51.0839',
    lng: '-113.97188' },
  { id: '162',
    name: 'Annie Gale School',
    area: 'Calgary',
    grades: ["6","7","8","9"],
    postcode: 'T1Y4S8',
    phone: '403-777-7680',
    addr: '577 Whiteridge Way NE Calgary, AB T1Y 4S8',
    lat: '51.08904',
    lng: '-113.96894' },
  { id: '184',
    name: 'Lester B. Pearson High School',
    area: 'Calgary',
    grades: ["10","11","12"],
    postcode: 'T1Y5P4',
    phone: '403-280-6565',
    addr: '3020 52 St NE Calgary, AB T1Y 5P4',
    lat: '51.077',
    lng: '-113.95651' } ]
timerHandleGETPostcode: 1ms
{"lat":"51.086346","lng":"-113.980110","programid":"1","grades":""}
timerHandleFindSchoolData: 1ms
timerHandleGETPostcode: 1ms
{"lat":"51.086346","lng":"-113.980110","programid":"1","grades":""}
timerHandleFindSchoolData: 1ms
{ name: 'Colonel J. Fred Scott School',
  lat: '51.08783',
  lng: '-113.96779',
  id: '88',
  addr: '171 Whitehorn Rd NE Calgary, AB T1Y 3C4',
  phone: '403-777-6710',
  postcode: 'T1Y3C4',
  grades: [ '0', '1', '2', '3', '4', '5', '6' ] }
Colonel J. Fred Scott
{ name: 'Chief Justice Milvain School',
  lat: '51.0839',
  lng: '-113.97188',
  id: '97',
  addr: '3428 42 St NE Calgary, AB T1Y 6A3',
  phone: '403-777-6700',
  postcode: 'T1Y6A3',
  grades: [ '0', '1', '2', '3', '4', '5', '6' ] }
Chief Justice Milvain
{ name: 'Annie Gale School',
  lat: '51.08904',
  lng: '-113.96894',
  id: '162',
  addr: '577 Whiteridge Way NE Calgary, AB T1Y 4S8',
  phone: '403-777-7680',
  postcode: 'T1Y4S8',
  grades: [ '6', '7', '8', '9' ] }
Annie Gale
{ name: 'Lester B. Pearson High School',
  lat: '51.077',
  lng: '-113.95651',
  id: '184',
  addr: '3020 52 St NE Calgary, AB T1Y 5P4',
  phone: '403-280-6565',
  postcode: 'T1Y5P4',
  grades: [ '10', '11', '12' ] }
Lester B. Pearson High
[ { id: '88',
    name: 'Colonel J. Fred Scott School',
    area: 'Calgary',
    rank_2013_14: [754,813],
    rank_5y: [430,543],
    rating_2013_14: 3.2,
    rating_5y: 4.9,
    grades: ["0","1","2","3","4","5","6"],
    postcode: 'T1Y3C4',
    phone: '403-777-6710',
    addr: '171 Whitehorn Rd NE Calgary, AB T1Y 3C4',
    lat: '51.08783',
    lng: '-113.96779' },
  { id: '97',
    name: 'Chief Justice Milvain School',
    area: 'Calgary',
    rank_2013_14: [508,813],
    rank_5y: [425,543],
    rating_2013_14: 5.6,
    rating_5y: 5,
    grades: ["0","1","2","3","4","5","6"],
    postcode: 'T1Y6A3',
    phone: '403-777-6700',
    addr: '3428 42 St NE Calgary, AB T1Y 6A3',
    lat: '51.0839',
    lng: '-113.97188' },
  { id: '162',
    name: 'Annie Gale School',
    area: 'Calgary',
    grades: ["6","7","8","9"],
    postcode: 'T1Y4S8',
    phone: '403-777-7680',
    addr: '577 Whiteridge Way NE Calgary, AB T1Y 4S8',
    lat: '51.08904',
    lng: '-113.96894' },
  { id: '184',
    name: 'Lester B. Pearson High School',
    area: 'Calgary',
    grades: ["10","11","12"],
    postcode: 'T1Y5P4',
    phone: '403-280-6565',
    addr: '3020 52 St NE Calgary, AB T1Y 5P4',
    lat: '51.077',
    lng: '-113.95651' } ]
{ name: 'Colonel J. Fred Scott School',
  lat: '51.08783',
  lng: '-113.96779',
  id: '88',
  addr: '171 Whitehorn Rd NE Calgary, AB T1Y 3C4',
  phone: '403-777-6710',
  postcode: 'T1Y3C4',
  grades: [ '0', '1', '2', '3', '4', '5', '6' ] }
Colonel J. Fred Scott
{ name: 'Chief Justice Milvain School',
  lat: '51.0839',
  lng: '-113.97188',
  id: '97',
  addr: '3428 42 St NE Calgary, AB T1Y 6A3',
  phone: '403-777-6700',
  postcode: 'T1Y6A3',
  grades: [ '0', '1', '2', '3', '4', '5', '6' ] }
Chief Justice Milvain
{ name: 'Annie Gale School',
  lat: '51.08904',
  lng: '-113.96894',
  id: '162',
  addr: '577 Whiteridge Way NE Calgary, AB T1Y 4S8',
  phone: '403-777-7680',
  postcode: 'T1Y4S8',
  grades: [ '6', '7', '8', '9' ] }
Annie Gale
{ name: 'Lester B. Pearson High School',
  lat: '51.077',
  lng: '-113.95651',
  id: '184',
  addr: '3020 52 St NE Calgary, AB T1Y 5P4',
  phone: '403-280-6565',
  postcode: 'T1Y5P4',
  grades: [ '10', '11', '12' ] }
Lester B. Pearson High
[ { id: '88',
    name: 'Colonel J. Fred Scott School',
    area: 'Calgary',
    rank_2013_14: [754,813],
    rank_5y: [430,543],
    rating_2013_14: 3.2,
    rating_5y: 4.9,
    grades: ["0","1","2","3","4","5","6"],
    postcode: 'T1Y3C4',
    phone: '403-777-6710',
    addr: '171 Whitehorn Rd NE Calgary, AB T1Y 3C4',
    lat: '51.08783',
    lng: '-113.96779' },
  { id: '97',
    name: 'Chief Justice Milvain School',
    area: 'Calgary',
    rank_2013_14: [508,813],
    rank_5y: [425,543],
    rating_2013_14: 5.6,
    rating_5y: 5,
    grades: ["0","1","2","3","4","5","6"],
    postcode: 'T1Y6A3',
    phone: '403-777-6700',
    addr: '3428 42 St NE Calgary, AB T1Y 6A3',
    lat: '51.0839',
    lng: '-113.97188' },
  { id: '162',
    name: 'Annie Gale School',
    area: 'Calgary',
    grades: ["6","7","8","9"],
    postcode: 'T1Y4S8',
    phone: '403-777-7680',
    addr: '577 Whiteridge Way NE Calgary, AB T1Y 4S8',
    lat: '51.08904',
    lng: '-113.96894' },
  { id: '184',
    name: 'Lester B. Pearson High School',
    area: 'Calgary',
    grades: ["10","11","12"],
    postcode: 'T1Y5P4',
    phone: '403-280-6565',
    addr: '3020 52 St NE Calgary, AB T1Y 5P4',
    lat: '51.077',
    lng: '-113.95651' } ]
timerHandleGETPostcode: 1ms
{"lat":"51.086346","lng":"-113.980110","programid":"1","grades":""}
timerHandleFindSchoolData: 1ms
{ name: 'Colonel J. Fred Scott School',
  lat: '51.08783',
  lng: '-113.96779',
  id: '88',
  addr: '171 Whitehorn Rd NE Calgary, AB T1Y 3C4',
  phone: '403-777-6710',
  postcode: 'T1Y3C4',
  grades: [ '0', '1', '2', '3', '4', '5', '6' ] }
Colonel J. Fred Scott
{ name: 'Chief Justice Milvain School',
  lat: '51.0839',
  lng: '-113.97188',
  id: '97',
  addr: '3428 42 St NE Calgary, AB T1Y 6A3',
  phone: '403-777-6700',
  postcode: 'T1Y6A3',
  grades: [ '0', '1', '2', '3', '4', '5', '6' ] }
Chief Justice Milvain
{ name: 'Annie Gale School',
  lat: '51.08904',
  lng: '-113.96894',
  id: '162',
  addr: '577 Whiteridge Way NE Calgary, AB T1Y 4S8',
  phone: '403-777-7680',
  postcode: 'T1Y4S8',
  grades: [ '6', '7', '8', '9' ] }
Annie Gale
{ name: 'Lester B. Pearson High School',
  lat: '51.077',
  lng: '-113.95651',
  id: '184',
  addr: '3020 52 St NE Calgary, AB T1Y 5P4',
  phone: '403-280-6565',
  postcode: 'T1Y5P4',
  grades: [ '10', '11', '12' ] }
Lester B. Pearson High
[ { id: '88',
    name: 'Colonel J. Fred Scott School',
    area: 'Calgary',
    rank_2013_14: [754,813],
    rank_5y: [430,543],
    rating_2013_14: 3.2,
    rating_5y: 4.9,
    grades: ["0","1","2","3","4","5","6"],
    postcode: 'T1Y3C4',
    phone: '403-777-6710',
    addr: '171 Whitehorn Rd NE Calgary, AB T1Y 3C4',
    lat: '51.08783',
    lng: '-113.96779' },
  { id: '97',
    name: 'Chief Justice Milvain School',
    area: 'Calgary',
    rank_2013_14: [508,813],
    rank_5y: [425,543],
    rating_2013_14: 5.6,
    rating_5y: 5,
    grades: ["0","1","2","3","4","5","6"],
    postcode: 'T1Y6A3',
    phone: '403-777-6700',
    addr: '3428 42 St NE Calgary, AB T1Y 6A3',
    lat: '51.0839',
    lng: '-113.97188' },
  { id: '162',
    name: 'Annie Gale School',
    area: 'Calgary',
    grades: ["6","7","8","9"],
    postcode: 'T1Y4S8',
    phone: '403-777-7680',
    addr: '577 Whiteridge Way NE Calgary, AB T1Y 4S8',
    lat: '51.08904',
    lng: '-113.96894' },
  { id: '184',
    name: 'Lester B. Pearson High School',
    area: 'Calgary',
    grades: ["10","11","12"],
    postcode: 'T1Y5P4',
    phone: '403-280-6565',
    addr: '3020 52 St NE Calgary, AB T1Y 5P4',
    lat: '51.077',
    lng: '-113.95651' } ]
timerHandleGETPostcode: 2ms
{"lat":"51.086346","lng":"-113.980110","programid":"1","grades":""}
timerHandleFindSchoolData: 1ms
timerHandleGETPostcode: 5ms
{"lat":"51.096454","lng":"-114.133065","programid":"1","grades":""}
timerHandleFindSchoolData: 1ms
{ name: 'Colonel J. Fred Scott School',
  lat: '51.08783',
  lng: '-113.96779',
  id: '88',
  addr: '171 Whitehorn Rd NE Calgary, AB T1Y 3C4',
  phone: '403-777-6710',
  postcode: 'T1Y3C4',
  grades: [ '0', '1', '2', '3', '4', '5', '6' ] }
Colonel J. Fred Scott
{ name: 'Chief Justice Milvain School',
  lat: '51.0839',
  lng: '-113.97188',
  id: '97',
  addr: '3428 42 St NE Calgary, AB T1Y 6A3',
  phone: '403-777-6700',
  postcode: 'T1Y6A3',
  grades: [ '0', '1', '2', '3', '4', '5', '6' ] }
Chief Justice Milvain
{ name: 'Annie Gale School',
  lat: '51.08904',
  lng: '-113.96894',
  id: '162',
  addr: '577 Whiteridge Way NE Calgary, AB T1Y 4S8',
  phone: '403-777-7680',
  postcode: 'T1Y4S8',
  grades: [ '6', '7', '8', '9' ] }
Annie Gale
{ name: 'Lester B. Pearson High School',
  lat: '51.077',
  lng: '-113.95651',
  id: '184',
  addr: '3020 52 St NE Calgary, AB T1Y 5P4',
  phone: '403-280-6565',
  postcode: 'T1Y5P4',
  grades: [ '10', '11', '12' ] }
Lester B. Pearson High
[ { id: '88',
    name: 'Colonel J. Fred Scott School',
    area: 'Calgary',
    rank_2013_14: [754,813],
    rank_5y: [430,543],
    rating_2013_14: 3.2,
    rating_5y: 4.9,
    grades: ["0","1","2","3","4","5","6"],
    postcode: 'T1Y3C4',
    phone: '403-777-6710',
    addr: '171 Whitehorn Rd NE Calgary, AB T1Y 3C4',
    lat: '51.08783',
    lng: '-113.96779' },
  { id: '97',
    name: 'Chief Justice Milvain School',
    area: 'Calgary',
    rank_2013_14: [508,813],
    rank_5y: [425,543],
    rating_2013_14: 5.6,
    rating_5y: 5,
    grades: ["0","1","2","3","4","5","6"],
    postcode: 'T1Y6A3',
    phone: '403-777-6700',
    addr: '3428 42 St NE Calgary, AB T1Y 6A3',
    lat: '51.0839',
    lng: '-113.97188' },
  { id: '162',
    name: 'Annie Gale School',
    area: 'Calgary',
    grades: ["6","7","8","9"],
    postcode: 'T1Y4S8',
    phone: '403-777-7680',
    addr: '577 Whiteridge Way NE Calgary, AB T1Y 4S8',
    lat: '51.08904',
    lng: '-113.96894' },
  { id: '184',
    name: 'Lester B. Pearson High School',
    area: 'Calgary',
    grades: ["10","11","12"],
    postcode: 'T1Y5P4',
    phone: '403-280-6565',
    addr: '3020 52 St NE Calgary, AB T1Y 5P4',
    lat: '51.077',
    lng: '-113.95651' } ]
{ name: 'Captain John Palliser School',
  lat: '51.09643',
  lng: '-114.13642',
  id: '33',
  addr: '1484 Northmount Dr NW Calgary, AB T2L 0G6',
  phone: '403-777-6170',
  postcode: 'T2L0G6',
  grades: [ '0', '1', '2', '3', '4', '5', '6' ] }
Captain John Palliser
{ name: 'Simon Fraser School',
  lat: '51.10085',
  lng: '-114.1359',
  id: '149',
  addr: '5215 33 St NW Calgary, AB T2L 1V3',
  phone: '403-777-7290',
  postcode: 'T2L1V3',
  grades: [ '5', '6', '7', '8', '9' ] }
Simon Fraser
{ name: 'Sir Winston Churchill High School',
  lat: '51.10007',
  lng: '-114.13968',
  id: '180',
  addr: '5220 Northland Dr NW Calgary, AB T2L 2J6',
  phone: '403-289-9241',
  postcode: 'T2L2J6',
  grades: [ '10', '11', '12' ] }
Sir Winston Churchill High
[ { id: '33',
    name: 'Captain John Palliser School',
    area: 'Calgary',
    rank_2013_14: [239,813],
    rank_5y: [110,543],
    rating_2013_14: 7,
    rating_5y: 7.4,
    grades: ["0","1","2","3","4","5","6"],
    postcode: 'T2L0G6',
    phone: '403-777-6170',
    addr: '1484 Northmount Dr NW Calgary, AB T2L 0G6',
    lat: '51.09643',
    lng: '-114.13642' },
  { id: '149',
    name: 'Simon Fraser School',
    area: 'Calgary',
    grades: ["5","6","7","8","9"],
    postcode: 'T2L1V3',
    phone: '403-777-7290',
    addr: '5215 33 St NW Calgary, AB T2L 1V3',
    lat: '51.10085',
    lng: '-114.1359' },
  { id: '180',
    name: 'Sir Winston Churchill High School',
    area: 'Calgary',
    grades: ["10","11","12"],
    postcode: 'T2L2J6',
    phone: '403-289-9241',
    addr: '5220 Northland Dr NW Calgary, AB T2L 2J6',
    lat: '51.10007',
    lng: '-114.13968' } ]
timerHandleGETPostcode: 2ms
{"lat":"51.086346","lng":"-113.980110","programid":"1","grades":""}
timerHandleFindSchoolData: 1ms
timerHandleGETPostcode: 0ms
{"lat":"51.086346","lng":"-113.980110","programid":"1","grades":""}
timerHandleFindSchoolData: 0ms
timerHandleGETPostcode: 4ms
{"lat":"51.096454","lng":"-114.133065","programid":"1","grades":""}
timerHandleFindSchoolData: 0ms
timerHandleGETPostcode: 0ms
{"lat":"51.086346","lng":"-113.980110","programid":"1","grades":""}
timerHandleFindSchoolData: 0ms
{ name: 'Colonel J. Fred Scott School',
  lat: '51.08783',
  lng: '-113.96779',
  id: '88',
  addr: '171 Whitehorn Rd NE Calgary, AB T1Y 3C4',
  phone: '403-777-6710',
  postcode: 'T1Y3C4',
  grades: [ '0', '1', '2', '3', '4', '5', '6' ] }
Colonel J. Fred Scott
{ name: 'Chief Justice Milvain School',
  lat: '51.0839',
  lng: '-113.97188',
  id: '97',
  addr: '3428 42 St NE Calgary, AB T1Y 6A3',
  phone: '403-777-6700',
  postcode: 'T1Y6A3',
  grades: [ '0', '1', '2', '3', '4', '5', '6' ] }
Chief Justice Milvain
{ name: 'Annie Gale School',
  lat: '51.08904',
  lng: '-113.96894',
  id: '162',
  addr: '577 Whiteridge Way NE Calgary, AB T1Y 4S8',
  phone: '403-777-7680',
  postcode: 'T1Y4S8',
  grades: [ '6', '7', '8', '9' ] }
Annie Gale
{ name: 'Lester B. Pearson High School',
  lat: '51.077',
  lng: '-113.95651',
  id: '184',
  addr: '3020 52 St NE Calgary, AB T1Y 5P4',
  phone: '403-280-6565',
  postcode: 'T1Y5P4',
  grades: [ '10', '11', '12' ] }
Lester B. Pearson High
{ name: 'Colonel J. Fred Scott School',
  lat: '51.08783',
  lng: '-113.96779',
  id: '88',
  addr: '171 Whitehorn Rd NE Calgary, AB T1Y 3C4',
  phone: '403-777-6710',
  postcode: 'T1Y3C4',
  grades: [ '0', '1', '2', '3', '4', '5', '6' ] }
Colonel J. Fred Scott
{ name: 'Chief Justice Milvain School',
  lat: '51.0839',
  lng: '-113.97188',
  id: '97',
  addr: '3428 42 St NE Calgary, AB T1Y 6A3',
  phone: '403-777-6700',
  postcode: 'T1Y6A3',
  grades: [ '0', '1', '2', '3', '4', '5', '6' ] }
Chief Justice Milvain
{ name: 'Annie Gale School',
  lat: '51.08904',
  lng: '-113.96894',
  id: '162',
  addr: '577 Whiteridge Way NE Calgary, AB T1Y 4S8',
  phone: '403-777-7680',
  postcode: 'T1Y4S8',
  grades: [ '6', '7', '8', '9' ] }
Annie Gale
{ name: 'Lester B. Pearson High School',
  lat: '51.077',
  lng: '-113.95651',
  id: '184',
  addr: '3020 52 St NE Calgary, AB T1Y 5P4',
  phone: '403-280-6565',
  postcode: 'T1Y5P4',
  grades: [ '10', '11', '12' ] }
Lester B. Pearson High
[ { id: '88',
    name: 'Colonel J. Fred Scott School',
    area: 'Calgary',
    rank_2013_14: [754,813],
    rank_5y: [430,543],
    rating_2013_14: 3.2,
    rating_5y: 4.9,
    grades: ["0","1","2","3","4","5","6"],
    postcode: 'T1Y3C4',
    phone: '403-777-6710',
    addr: '171 Whitehorn Rd NE Calgary, AB T1Y 3C4',
    lat: '51.08783',
    lng: '-113.96779' },
  { id: '97',
    name: 'Chief Justice Milvain School',
    area: 'Calgary',
    rank_2013_14: [508,813],
    rank_5y: [425,543],
    rating_2013_14: 5.6,
    rating_5y: 5,
    grades: ["0","1","2","3","4","5","6"],
    postcode: 'T1Y6A3',
    phone: '403-777-6700',
    addr: '3428 42 St NE Calgary, AB T1Y 6A3',
    lat: '51.0839',
    lng: '-113.97188' },
  { id: '162',
    name: 'Annie Gale School',
    area: 'Calgary',
    grades: ["6","7","8","9"],
    postcode: 'T1Y4S8',
    phone: '403-777-7680',
    addr: '577 Whiteridge Way NE Calgary, AB T1Y 4S8',
    lat: '51.08904',
    lng: '-113.96894' },
  { id: '184',
    name: 'Lester B. Pearson High School',
    area: 'Calgary',
    grades: ["10","11","12"],
    postcode: 'T1Y5P4',
    phone: '403-280-6565',
    addr: '3020 52 St NE Calgary, AB T1Y 5P4',
    lat: '51.077',
    lng: '-113.95651' } ]
[ { id: '88',
    name: 'Colonel J. Fred Scott School',
    area: 'Calgary',
    rank_2013_14: [754,813],
    rank_5y: [430,543],
    rating_2013_14: 3.2,
    rating_5y: 4.9,
    grades: ["0","1","2","3","4","5","6"],
    postcode: 'T1Y3C4',
    phone: '403-777-6710',
    addr: '171 Whitehorn Rd NE Calgary, AB T1Y 3C4',
    lat: '51.08783',
    lng: '-113.96779' },
  { id: '97',
    name: 'Chief Justice Milvain School',
    area: 'Calgary',
    rank_2013_14: [508,813],
    rank_5y: [425,543],
    rating_2013_14: 5.6,
    rating_5y: 5,
    grades: ["0","1","2","3","4","5","6"],
    postcode: 'T1Y6A3',
    phone: '403-777-6700',
    addr: '3428 42 St NE Calgary, AB T1Y 6A3',
    lat: '51.0839',
    lng: '-113.97188' },
  { id: '162',
    name: 'Annie Gale School',
    area: 'Calgary',
    grades: ["6","7","8","9"],
    postcode: 'T1Y4S8',
    phone: '403-777-7680',
    addr: '577 Whiteridge Way NE Calgary, AB T1Y 4S8',
    lat: '51.08904',
    lng: '-113.96894' },
  { id: '184',
    name: 'Lester B. Pearson High School',
    area: 'Calgary',
    grades: ["10","11","12"],
    postcode: 'T1Y5P4',
    phone: '403-280-6565',
    addr: '3020 52 St NE Calgary, AB T1Y 5P4',
    lat: '51.077',
    lng: '-113.95651' } ]
{ name: 'Captain John Palliser School',
  lat: '51.09643',
  lng: '-114.13642',
  id: '33',
  addr: '1484 Northmount Dr NW Calgary, AB T2L 0G6',
  phone: '403-777-6170',
  postcode: 'T2L0G6',
  grades: [ '0', '1', '2', '3', '4', '5', '6' ] }
Captain John Palliser
{ name: 'Simon Fraser School',
  lat: '51.10085',
  lng: '-114.1359',
  id: '149',
  addr: '5215 33 St NW Calgary, AB T2L 1V3',
  phone: '403-777-7290',
  postcode: 'T2L1V3',
  grades: [ '5', '6', '7', '8', '9' ] }
Simon Fraser
{ name: 'Sir Winston Churchill High School',
  lat: '51.10007',
  lng: '-114.13968',
  id: '180',
  addr: '5220 Northland Dr NW Calgary, AB T2L 2J6',
  phone: '403-289-9241',
  postcode: 'T2L2J6',
  grades: [ '10', '11', '12' ] }
Sir Winston Churchill High
[ { id: '33',
    name: 'Captain John Palliser School',
    area: 'Calgary',
    rank_2013_14: [239,813],
    rank_5y: [110,543],
    rating_2013_14: 7,
    rating_5y: 7.4,
    grades: ["0","1","2","3","4","5","6"],
    postcode: 'T2L0G6',
    phone: '403-777-6170',
    addr: '1484 Northmount Dr NW Calgary, AB T2L 0G6',
    lat: '51.09643',
    lng: '-114.13642' },
  { id: '149',
    name: 'Simon Fraser School',
    area: 'Calgary',
    grades: ["5","6","7","8","9"],
    postcode: 'T2L1V3',
    phone: '403-777-7290',
    addr: '5215 33 St NW Calgary, AB T2L 1V3',
    lat: '51.10085',
    lng: '-114.1359' },
  { id: '180',
    name: 'Sir Winston Churchill High School',
    area: 'Calgary',
    grades: ["10","11","12"],
    postcode: 'T2L2J6',
    phone: '403-289-9241',
    addr: '5220 Northland Dr NW Calgary, AB T2L 2J6',
    lat: '51.10007',
    lng: '-114.13968' } ]
{ name: 'Colonel J. Fred Scott School',
  lat: '51.08783',
  lng: '-113.96779',
  id: '88',
  addr: '171 Whitehorn Rd NE Calgary, AB T1Y 3C4',
  phone: '403-777-6710',
  postcode: 'T1Y3C4',
  grades: [ '0', '1', '2', '3', '4', '5', '6' ] }
Colonel J. Fred Scott
{ name: 'Chief Justice Milvain School',
  lat: '51.0839',
  lng: '-113.97188',
  id: '97',
  addr: '3428 42 St NE Calgary, AB T1Y 6A3',
  phone: '403-777-6700',
  postcode: 'T1Y6A3',
  grades: [ '0', '1', '2', '3', '4', '5', '6' ] }
Chief Justice Milvain
{ name: 'Annie Gale School',
  lat: '51.08904',
  lng: '-113.96894',
  id: '162',
  addr: '577 Whiteridge Way NE Calgary, AB T1Y 4S8',
  phone: '403-777-7680',
  postcode: 'T1Y4S8',
  grades: [ '6', '7', '8', '9' ] }
Annie Gale
{ name: 'Lester B. Pearson High School',
  lat: '51.077',
  lng: '-113.95651',
  id: '184',
  addr: '3020 52 St NE Calgary, AB T1Y 5P4',
  phone: '403-280-6565',
  postcode: 'T1Y5P4',
  grades: [ '10', '11', '12' ] }
Lester B. Pearson High
[ { id: '88',
    name: 'Colonel J. Fred Scott School',
    area: 'Calgary',
    rank_2013_14: [754,813],
    rank_5y: [430,543],
    rating_2013_14: 3.2,
    rating_5y: 4.9,
    grades: ["0","1","2","3","4","5","6"],
    postcode: 'T1Y3C4',
    phone: '403-777-6710',
    addr: '171 Whitehorn Rd NE Calgary, AB T1Y 3C4',
    lat: '51.08783',
    lng: '-113.96779' },
  { id: '97',
    name: 'Chief Justice Milvain School',
    area: 'Calgary',
    rank_2013_14: [508,813],
    rank_5y: [425,543],
    rating_2013_14: 5.6,
    rating_5y: 5,
    grades: ["0","1","2","3","4","5","6"],
    postcode: 'T1Y6A3',
    phone: '403-777-6700',
    addr: '3428 42 St NE Calgary, AB T1Y 6A3',
    lat: '51.0839',
    lng: '-113.97188' },
  { id: '162',
    name: 'Annie Gale School',
    area: 'Calgary',
    grades: ["6","7","8","9"],
    postcode: 'T1Y4S8',
    phone: '403-777-7680',
    addr: '577 Whiteridge Way NE Calgary, AB T1Y 4S8',
    lat: '51.08904',
    lng: '-113.96894' },
  { id: '184',
    name: 'Lester B. Pearson High School',
    area: 'Calgary',
    grades: ["10","11","12"],
    postcode: 'T1Y5P4',
    phone: '403-280-6565',
    addr: '3020 52 St NE Calgary, AB T1Y 5P4',
    lat: '51.077',
    lng: '-113.95651' } ]
timerHandleGETPostcode: 1ms
{"lat":"51.086346","lng":"-113.980110","programid":"1","grades":""}
timerHandleFindSchoolData: 1ms
timerHandleGETPostcode: 4ms
{"lat":"51.096454","lng":"-114.133065","programid":"1","grades":""}
timerHandleFindSchoolData: 1ms
{ name: 'Colonel J. Fred Scott School',
  lat: '51.08783',
  lng: '-113.96779',
  id: '88',
  addr: '171 Whitehorn Rd NE Calgary, AB T1Y 3C4',
  phone: '403-777-6710',
  postcode: 'T1Y3C4',
  grades: [ '0', '1', '2', '3', '4', '5', '6' ] }
Colonel J. Fred Scott
{ name: 'Chief Justice Milvain School',
  lat: '51.0839',
  lng: '-113.97188',
  id: '97',
  addr: '3428 42 St NE Calgary, AB T1Y 6A3',
  phone: '403-777-6700',
  postcode: 'T1Y6A3',
  grades: [ '0', '1', '2', '3', '4', '5', '6' ] }
Chief Justice Milvain
{ name: 'Annie Gale School',
  lat: '51.08904',
  lng: '-113.96894',
  id: '162',
  addr: '577 Whiteridge Way NE Calgary, AB T1Y 4S8',
  phone: '403-777-7680',
  postcode: 'T1Y4S8',
  grades: [ '6', '7', '8', '9' ] }
Annie Gale
{ name: 'Lester B. Pearson High School',
  lat: '51.077',
  lng: '-113.95651',
  id: '184',
  addr: '3020 52 St NE Calgary, AB T1Y 5P4',
  phone: '403-280-6565',
  postcode: 'T1Y5P4',
  grades: [ '10', '11', '12' ] }
Lester B. Pearson High
[ { id: '88',
    name: 'Colonel J. Fred Scott School',
    area: 'Calgary',
    rank_2013_14: [754,813],
    rank_5y: [430,543],
    rating_2013_14: 3.2,
    rating_5y: 4.9,
    grades: ["0","1","2","3","4","5","6"],
    postcode: 'T1Y3C4',
    phone: '403-777-6710',
    addr: '171 Whitehorn Rd NE Calgary, AB T1Y 3C4',
    lat: '51.08783',
    lng: '-113.96779' },
  { id: '97',
    name: 'Chief Justice Milvain School',
    area: 'Calgary',
    rank_2013_14: [508,813],
    rank_5y: [425,543],
    rating_2013_14: 5.6,
    rating_5y: 5,
    grades: ["0","1","2","3","4","5","6"],
    postcode: 'T1Y6A3',
    phone: '403-777-6700',
    addr: '3428 42 St NE Calgary, AB T1Y 6A3',
    lat: '51.0839',
    lng: '-113.97188' },
  { id: '162',
    name: 'Annie Gale School',
    area: 'Calgary',
    grades: ["6","7","8","9"],
    postcode: 'T1Y4S8',
    phone: '403-777-7680',
    addr: '577 Whiteridge Way NE Calgary, AB T1Y 4S8',
    lat: '51.08904',
    lng: '-113.96894' },
  { id: '184',
    name: 'Lester B. Pearson High School',
    area: 'Calgary',
    grades: ["10","11","12"],
    postcode: 'T1Y5P4',
    phone: '403-280-6565',
    addr: '3020 52 St NE Calgary, AB T1Y 5P4',
    lat: '51.077',
    lng: '-113.95651' } ]
{ name: 'Captain John Palliser School',
  lat: '51.09643',
  lng: '-114.13642',
  id: '33',
  addr: '1484 Northmount Dr NW Calgary, AB T2L 0G6',
  phone: '403-777-6170',
  postcode: 'T2L0G6',
  grades: [ '0', '1', '2', '3', '4', '5', '6' ] }
Captain John Palliser
{ name: 'Simon Fraser School',
  lat: '51.10085',
  lng: '-114.1359',
  id: '149',
  addr: '5215 33 St NW Calgary, AB T2L 1V3',
  phone: '403-777-7290',
  postcode: 'T2L1V3',
  grades: [ '5', '6', '7', '8', '9' ] }
Simon Fraser
{ name: 'Sir Winston Churchill High School',
  lat: '51.10007',
  lng: '-114.13968',
  id: '180',
  addr: '5220 Northland Dr NW Calgary, AB T2L 2J6',
  phone: '403-289-9241',
  postcode: 'T2L2J6',
  grades: [ '10', '11', '12' ] }
Sir Winston Churchill High
[ { id: '33',
    name: 'Captain John Palliser School',
    area: 'Calgary',
    rank_2013_14: [239,813],
    rank_5y: [110,543],
    rating_2013_14: 7,
    rating_5y: 7.4,
    grades: ["0","1","2","3","4","5","6"],
    postcode: 'T2L0G6',
    phone: '403-777-6170',
    addr: '1484 Northmount Dr NW Calgary, AB T2L 0G6',
    lat: '51.09643',
    lng: '-114.13642' },
  { id: '149',
    name: 'Simon Fraser School',
    area: 'Calgary',
    grades: ["5","6","7","8","9"],
    postcode: 'T2L1V3',
    phone: '403-777-7290',
    addr: '5215 33 St NW Calgary, AB T2L 1V3',
    lat: '51.10085',
    lng: '-114.1359' },
  { id: '180',
    name: 'Sir Winston Churchill High School',
    area: 'Calgary',
    grades: ["10","11","12"],
    postcode: 'T2L2J6',
    phone: '403-289-9241',
    addr: '5220 Northland Dr NW Calgary, AB T2L 2J6',
    lat: '51.10007',
    lng: '-114.13968' } ]
timerHandleGETPostcode: 1ms
{"lat":"51.086346","lng":"-113.980110","programid":"1","grades":""}
timerHandleFindSchoolData: 1ms
timerHandleGETPostcode: 1ms
{"lat":"51.086346","lng":"-113.980110","programid":"1","grades":""}
timerHandleFindSchoolData: 0ms
{ name: 'Colonel J. Fred Scott School',
  lat: '51.08783',
  lng: '-113.96779',
  id: '88',
  addr: '171 Whitehorn Rd NE Calgary, AB T1Y 3C4',
  phone: '403-777-6710',
  postcode: 'T1Y3C4',
  grades: [ '0', '1', '2', '3', '4', '5', '6' ] }
Colonel J. Fred Scott
{ name: 'Chief Justice Milvain School',
  lat: '51.0839',
  lng: '-113.97188',
  id: '97',
  addr: '3428 42 St NE Calgary, AB T1Y 6A3',
  phone: '403-777-6700',
  postcode: 'T1Y6A3',
  grades: [ '0', '1', '2', '3', '4', '5', '6' ] }
Chief Justice Milvain
{ name: 'Annie Gale School',
  lat: '51.08904',
  lng: '-113.96894',
  id: '162',
  addr: '577 Whiteridge Way NE Calgary, AB T1Y 4S8',
  phone: '403-777-7680',
  postcode: 'T1Y4S8',
  grades: [ '6', '7', '8', '9' ] }
Annie Gale
{ name: 'Lester B. Pearson High School',
  lat: '51.077',
  lng: '-113.95651',
  id: '184',
  addr: '3020 52 St NE Calgary, AB T1Y 5P4',
  phone: '403-280-6565',
  postcode: 'T1Y5P4',
  grades: [ '10', '11', '12' ] }
Lester B. Pearson High
[ { id: '88',
    name: 'Colonel J. Fred Scott School',
    area: 'Calgary',
    rank_2013_14: [754,813],
    rank_5y: [430,543],
    rating_2013_14: 3.2,
    rating_5y: 4.9,
    grades: ["0","1","2","3","4","5","6"],
    postcode: 'T1Y3C4',
    phone: '403-777-6710',
    addr: '171 Whitehorn Rd NE Calgary, AB T1Y 3C4',
    lat: '51.08783',
    lng: '-113.96779' },
  { id: '97',
    name: 'Chief Justice Milvain School',
    area: 'Calgary',
    rank_2013_14: [508,813],
    rank_5y: [425,543],
    rating_2013_14: 5.6,
    rating_5y: 5,
    grades: ["0","1","2","3","4","5","6"],
    postcode: 'T1Y6A3',
    phone: '403-777-6700',
    addr: '3428 42 St NE Calgary, AB T1Y 6A3',
    lat: '51.0839',
    lng: '-113.97188' },
  { id: '162',
    name: 'Annie Gale School',
    area: 'Calgary',
    grades: ["6","7","8","9"],
    postcode: 'T1Y4S8',
    phone: '403-777-7680',
    addr: '577 Whiteridge Way NE Calgary, AB T1Y 4S8',
    lat: '51.08904',
    lng: '-113.96894' },
  { id: '184',
    name: 'Lester B. Pearson High School',
    area: 'Calgary',
    grades: ["10","11","12"],
    postcode: 'T1Y5P4',
    phone: '403-280-6565',
    addr: '3020 52 St NE Calgary, AB T1Y 5P4',
    lat: '51.077',
    lng: '-113.95651' } ]
{ name: 'Colonel J. Fred Scott School',
  lat: '51.08783',
  lng: '-113.96779',
  id: '88',
  addr: '171 Whitehorn Rd NE Calgary, AB T1Y 3C4',
  phone: '403-777-6710',
  postcode: 'T1Y3C4',
  grades: [ '0', '1', '2', '3', '4', '5', '6' ] }
Colonel J. Fred Scott
{ name: 'Chief Justice Milvain School',
  lat: '51.0839',
  lng: '-113.97188',
  id: '97',
  addr: '3428 42 St NE Calgary, AB T1Y 6A3',
  phone: '403-777-6700',
  postcode: 'T1Y6A3',
  grades: [ '0', '1', '2', '3', '4', '5', '6' ] }
Chief Justice Milvain
{ name: 'Annie Gale School',
  lat: '51.08904',
  lng: '-113.96894',
  id: '162',
  addr: '577 Whiteridge Way NE Calgary, AB T1Y 4S8',
  phone: '403-777-7680',
  postcode: 'T1Y4S8',
  grades: [ '6', '7', '8', '9' ] }
Annie Gale
{ name: 'Lester B. Pearson High School',
  lat: '51.077',
  lng: '-113.95651',
  id: '184',
  addr: '3020 52 St NE Calgary, AB T1Y 5P4',
  phone: '403-280-6565',
  postcode: 'T1Y5P4',
  grades: [ '10', '11', '12' ] }
Lester B. Pearson High
[ { id: '88',
    name: 'Colonel J. Fred Scott School',
    area: 'Calgary',
    rank_2013_14: [754,813],
    rank_5y: [430,543],
    rating_2013_14: 3.2,
    rating_5y: 4.9,
    grades: ["0","1","2","3","4","5","6"],
    postcode: 'T1Y3C4',
    phone: '403-777-6710',
    addr: '171 Whitehorn Rd NE Calgary, AB T1Y 3C4',
    lat: '51.08783',
    lng: '-113.96779' },
  { id: '97',
    name: 'Chief Justice Milvain School',
    area: 'Calgary',
    rank_2013_14: [508,813],
    rank_5y: [425,543],
    rating_2013_14: 5.6,
    rating_5y: 5,
    grades: ["0","1","2","3","4","5","6"],
    postcode: 'T1Y6A3',
    phone: '403-777-6700',
    addr: '3428 42 St NE Calgary, AB T1Y 6A3',
    lat: '51.0839',
    lng: '-113.97188' },
  { id: '162',
    name: 'Annie Gale School',
    area: 'Calgary',
    grades: ["6","7","8","9"],
    postcode: 'T1Y4S8',
    phone: '403-777-7680',
    addr: '577 Whiteridge Way NE Calgary, AB T1Y 4S8',
    lat: '51.08904',
    lng: '-113.96894' },
  { id: '184',
    name: 'Lester B. Pearson High School',
    area: 'Calgary',
    grades: ["10","11","12"],
    postcode: 'T1Y5P4',
    phone: '403-280-6565',
    addr: '3020 52 St NE Calgary, AB T1Y 5P4',
    lat: '51.077',
    lng: '-113.95651' } ]
timerHandleGETPostcode: 2ms
{"lat":"51.086346","lng":"-113.980110","programid":"1","grades":""}
timerHandleFindSchoolData: 1ms
{ name: 'Colonel J. Fred Scott School',
  lat: '51.08783',
  lng: '-113.96779',
  id: '88',
  addr: '171 Whitehorn Rd NE Calgary, AB T1Y 3C4',
  phone: '403-777-6710',
  postcode: 'T1Y3C4',
  grades: [ '0', '1', '2', '3', '4', '5', '6' ] }
Colonel J. Fred Scott
{ name: 'Chief Justice Milvain School',
  lat: '51.0839',
  lng: '-113.97188',
  id: '97',
  addr: '3428 42 St NE Calgary, AB T1Y 6A3',
  phone: '403-777-6700',
  postcode: 'T1Y6A3',
  grades: [ '0', '1', '2', '3', '4', '5', '6' ] }
Chief Justice Milvain
{ name: 'Annie Gale School',
  lat: '51.08904',
  lng: '-113.96894',
  id: '162',
  addr: '577 Whiteridge Way NE Calgary, AB T1Y 4S8',
  phone: '403-777-7680',
  postcode: 'T1Y4S8',
  grades: [ '6', '7', '8', '9' ] }
Annie Gale
{ name: 'Lester B. Pearson High School',
  lat: '51.077',
  lng: '-113.95651',
  id: '184',
  addr: '3020 52 St NE Calgary, AB T1Y 5P4',
  phone: '403-280-6565',
  postcode: 'T1Y5P4',
  grades: [ '10', '11', '12' ] }
Lester B. Pearson High
[ { id: '88',
    name: 'Colonel J. Fred Scott School',
    area: 'Calgary',
    rank_2013_14: [754,813],
    rank_5y: [430,543],
    rating_2013_14: 3.2,
    rating_5y: 4.9,
    grades: ["0","1","2","3","4","5","6"],
    postcode: 'T1Y3C4',
    phone: '403-777-6710',
    addr: '171 Whitehorn Rd NE Calgary, AB T1Y 3C4',
    lat: '51.08783',
    lng: '-113.96779' },
  { id: '97',
    name: 'Chief Justice Milvain School',
    area: 'Calgary',
    rank_2013_14: [508,813],
    rank_5y: [425,543],
    rating_2013_14: 5.6,
    rating_5y: 5,
    grades: ["0","1","2","3","4","5","6"],
    postcode: 'T1Y6A3',
    phone: '403-777-6700',
    addr: '3428 42 St NE Calgary, AB T1Y 6A3',
    lat: '51.0839',
    lng: '-113.97188' },
  { id: '162',
    name: 'Annie Gale School',
    area: 'Calgary',
    grades: ["6","7","8","9"],
    postcode: 'T1Y4S8',
    phone: '403-777-7680',
    addr: '577 Whiteridge Way NE Calgary, AB T1Y 4S8',
    lat: '51.08904',
    lng: '-113.96894' },
  { id: '184',
    name: 'Lester B. Pearson High School',
    area: 'Calgary',
    grades: ["10","11","12"],
    postcode: 'T1Y5P4',
    phone: '403-280-6565',
    addr: '3020 52 St NE Calgary, AB T1Y 5P4',
    lat: '51.077',
    lng: '-113.95651' } ]
timerHandleGETPostcode: 0ms
{"lat":"51.086346","lng":"-113.980110","programid":"1","grades":""}
timerHandleFindSchoolData: 1ms
{ name: 'Colonel J. Fred Scott School',
  lat: '51.08783',
  lng: '-113.96779',
  id: '88',
  addr: '171 Whitehorn Rd NE Calgary, AB T1Y 3C4',
  phone: '403-777-6710',
  postcode: 'T1Y3C4',
  grades: [ '0', '1', '2', '3', '4', '5', '6' ] }
Colonel J. Fred Scott
{ name: 'Chief Justice Milvain School',
  lat: '51.0839',
  lng: '-113.97188',
  id: '97',
  addr: '3428 42 St NE Calgary, AB T1Y 6A3',
  phone: '403-777-6700',
  postcode: 'T1Y6A3',
  grades: [ '0', '1', '2', '3', '4', '5', '6' ] }
Chief Justice Milvain
{ name: 'Annie Gale School',
  lat: '51.08904',
  lng: '-113.96894',
  id: '162',
  addr: '577 Whiteridge Way NE Calgary, AB T1Y 4S8',
  phone: '403-777-7680',
  postcode: 'T1Y4S8',
  grades: [ '6', '7', '8', '9' ] }
Annie Gale
{ name: 'Lester B. Pearson High School',
  lat: '51.077',
  lng: '-113.95651',
  id: '184',
  addr: '3020 52 St NE Calgary, AB T1Y 5P4',
  phone: '403-280-6565',
  postcode: 'T1Y5P4',
  grades: [ '10', '11', '12' ] }
Lester B. Pearson High
[ { id: '88',
    name: 'Colonel J. Fred Scott School',
    area: 'Calgary',
    rank_2013_14: [754,813],
    rank_5y: [430,543],
    rating_2013_14: 3.2,
    rating_5y: 4.9,
    grades: ["0","1","2","3","4","5","6"],
    postcode: 'T1Y3C4',
    phone: '403-777-6710',
    addr: '171 Whitehorn Rd NE Calgary, AB T1Y 3C4',
    lat: '51.08783',
    lng: '-113.96779' },
  { id: '97',
    name: 'Chief Justice Milvain School',
    area: 'Calgary',
    rank_2013_14: [508,813],
    rank_5y: [425,543],
    rating_2013_14: 5.6,
    rating_5y: 5,
    grades: ["0","1","2","3","4","5","6"],
    postcode: 'T1Y6A3',
    phone: '403-777-6700',
    addr: '3428 42 St NE Calgary, AB T1Y 6A3',
    lat: '51.0839',
    lng: '-113.97188' },
  { id: '162',
    name: 'Annie Gale School',
    area: 'Calgary',
    grades: ["6","7","8","9"],
    postcode: 'T1Y4S8',
    phone: '403-777-7680',
    addr: '577 Whiteridge Way NE Calgary, AB T1Y 4S8',
    lat: '51.08904',
    lng: '-113.96894' },
  { id: '184',
    name: 'Lester B. Pearson High School',
    area: 'Calgary',
    grades: ["10","11","12"],
    postcode: 'T1Y5P4',
    phone: '403-280-6565',
    addr: '3020 52 St NE Calgary, AB T1Y 5P4',
    lat: '51.077',
    lng: '-113.95651' } ]
timerHandleGETPostcode: 0ms
{"lat":"51.096454","lng":"-114.133065","programid":"1","grades":""}
timerHandleFindSchoolData: 0ms
{ name: 'Captain John Palliser School',
  lat: '51.09643',
  lng: '-114.13642',
  id: '33',
  addr: '1484 Northmount Dr NW Calgary, AB T2L 0G6',
  phone: '403-777-6170',
  postcode: 'T2L0G6',
  grades: [ '0', '1', '2', '3', '4', '5', '6' ] }
Captain John Palliser
{ name: 'Simon Fraser School',
  lat: '51.10085',
  lng: '-114.1359',
  id: '149',
  addr: '5215 33 St NW Calgary, AB T2L 1V3',
  phone: '403-777-7290',
  postcode: 'T2L1V3',
  grades: [ '5', '6', '7', '8', '9' ] }
Simon Fraser
{ name: 'Sir Winston Churchill High School',
  lat: '51.10007',
  lng: '-114.13968',
  id: '180',
  addr: '5220 Northland Dr NW Calgary, AB T2L 2J6',
  phone: '403-289-9241',
  postcode: 'T2L2J6',
  grades: [ '10', '11', '12' ] }
Sir Winston Churchill High
[ { id: '33',
    name: 'Captain John Palliser School',
    area: 'Calgary',
    rank_2013_14: [239,813],
    rank_5y: [110,543],
    rating_2013_14: 7,
    rating_5y: 7.4,
    grades: ["0","1","2","3","4","5","6"],
    postcode: 'T2L0G6',
    phone: '403-777-6170',
    addr: '1484 Northmount Dr NW Calgary, AB T2L 0G6',
    lat: '51.09643',
    lng: '-114.13642' },
  { id: '149',
    name: 'Simon Fraser School',
    area: 'Calgary',
    grades: ["5","6","7","8","9"],
    postcode: 'T2L1V3',
    phone: '403-777-7290',
    addr: '5215 33 St NW Calgary, AB T2L 1V3',
    lat: '51.10085',
    lng: '-114.1359' },
  { id: '180',
    name: 'Sir Winston Churchill High School',
    area: 'Calgary',
    grades: ["10","11","12"],
    postcode: 'T2L2J6',
    phone: '403-289-9241',
    addr: '5220 Northland Dr NW Calgary, AB T2L 2J6',
    lat: '51.10007',
    lng: '-114.13968' } ]
timerHandleGETPostcode: 1ms
timerHandleGETPostcode: 1ms
{"lat":"51.086346","lng":"-113.980110","programid":"1","grades":""}
timerHandleFindSchoolData: 0ms
{"lat":"51.086346","lng":"-113.980110","programid":"1","grades":""}
timerHandleFindSchoolData: 1ms
timerHandleGETPostcode: 1ms
{"lat":"51.086346","lng":"-113.980110","programid":"1","grades":""}
timerHandleFindSchoolData: 1ms
timerHandleGETPostcode: 4ms
{"lat":"51.096454","lng":"-114.133065","programid":"1","grades":""}
timerHandleFindSchoolData: 1ms
{ name: 'Colonel J. Fred Scott School',
  lat: '51.08783',
  lng: '-113.96779',
  id: '88',
  addr: '171 Whitehorn Rd NE Calgary, AB T1Y 3C4',
  phone: '403-777-6710',
  postcode: 'T1Y3C4',
  grades: [ '0', '1', '2', '3', '4', '5', '6' ] }
Colonel J. Fred Scott
{ name: 'Chief Justice Milvain School',
  lat: '51.0839',
  lng: '-113.97188',
  id: '97',
  addr: '3428 42 St NE Calgary, AB T1Y 6A3',
  phone: '403-777-6700',
  postcode: 'T1Y6A3',
  grades: [ '0', '1', '2', '3', '4', '5', '6' ] }
Chief Justice Milvain
{ name: 'Annie Gale School',
  lat: '51.08904',
  lng: '-113.96894',
  id: '162',
  addr: '577 Whiteridge Way NE Calgary, AB T1Y 4S8',
  phone: '403-777-7680',
  postcode: 'T1Y4S8',
  grades: [ '6', '7', '8', '9' ] }
Annie Gale
{ name: 'Lester B. Pearson High School',
  lat: '51.077',
  lng: '-113.95651',
  id: '184',
  addr: '3020 52 St NE Calgary, AB T1Y 5P4',
  phone: '403-280-6565',
  postcode: 'T1Y5P4',
  grades: [ '10', '11', '12' ] }
Lester B. Pearson High
[ { id: '88',
    name: 'Colonel J. Fred Scott School',
    area: 'Calgary',
    rank_2013_14: [754,813],
    rank_5y: [430,543],
    rating_2013_14: 3.2,
    rating_5y: 4.9,
    grades: ["0","1","2","3","4","5","6"],
    postcode: 'T1Y3C4',
    phone: '403-777-6710',
    addr: '171 Whitehorn Rd NE Calgary, AB T1Y 3C4',
    lat: '51.08783',
    lng: '-113.96779' },
  { id: '97',
    name: 'Chief Justice Milvain School',
    area: 'Calgary',
    rank_2013_14: [508,813],
    rank_5y: [425,543],
    rating_2013_14: 5.6,
    rating_5y: 5,
    grades: ["0","1","2","3","4","5","6"],
    postcode: 'T1Y6A3',
    phone: '403-777-6700',
    addr: '3428 42 St NE Calgary, AB T1Y 6A3',
    lat: '51.0839',
    lng: '-113.97188' },
  { id: '162',
    name: 'Annie Gale School',
    area: 'Calgary',
    grades: ["6","7","8","9"],
    postcode: 'T1Y4S8',
    phone: '403-777-7680',
    addr: '577 Whiteridge Way NE Calgary, AB T1Y 4S8',
    lat: '51.08904',
    lng: '-113.96894' },
  { id: '184',
    name: 'Lester B. Pearson High School',
    area: 'Calgary',
    grades: ["10","11","12"],
    postcode: 'T1Y5P4',
    phone: '403-280-6565',
    addr: '3020 52 St NE Calgary, AB T1Y 5P4',
    lat: '51.077',
    lng: '-113.95651' } ]
{ name: 'Colonel J. Fred Scott School',
  lat: '51.08783',
  lng: '-113.96779',
  id: '88',
  addr: '171 Whitehorn Rd NE Calgary, AB T1Y 3C4',
  phone: '403-777-6710',
  postcode: 'T1Y3C4',
  grades: [ '0', '1', '2', '3', '4', '5', '6' ] }
Colonel J. Fred Scott
{ name: 'Chief Justice Milvain School',
  lat: '51.0839',
  lng: '-113.97188',
  id: '97',
  addr: '3428 42 St NE Calgary, AB T1Y 6A3',
  phone: '403-777-6700',
  postcode: 'T1Y6A3',
  grades: [ '0', '1', '2', '3', '4', '5', '6' ] }
Chief Justice Milvain
{ name: 'Annie Gale School',
  lat: '51.08904',
  lng: '-113.96894',
  id: '162',
  addr: '577 Whiteridge Way NE Calgary, AB T1Y 4S8',
  phone: '403-777-7680',
  postcode: 'T1Y4S8',
  grades: [ '6', '7', '8', '9' ] }
Annie Gale
{ name: 'Lester B. Pearson High School',
  lat: '51.077',
  lng: '-113.95651',
  id: '184',
  addr: '3020 52 St NE Calgary, AB T1Y 5P4',
  phone: '403-280-6565',
  postcode: 'T1Y5P4',
  grades: [ '10', '11', '12' ] }
Lester B. Pearson High
[ { id: '88',
    name: 'Colonel J. Fred Scott School',
    area: 'Calgary',
    rank_2013_14: [754,813],
    rank_5y: [430,543],
    rating_2013_14: 3.2,
    rating_5y: 4.9,
    grades: ["0","1","2","3","4","5","6"],
    postcode: 'T1Y3C4',
    phone: '403-777-6710',
    addr: '171 Whitehorn Rd NE Calgary, AB T1Y 3C4',
    lat: '51.08783',
    lng: '-113.96779' },
  { id: '97',
    name: 'Chief Justice Milvain School',
    area: 'Calgary',
    rank_2013_14: [508,813],
    rank_5y: [425,543],
    rating_2013_14: 5.6,
    rating_5y: 5,
    grades: ["0","1","2","3","4","5","6"],
    postcode: 'T1Y6A3',
    phone: '403-777-6700',
    addr: '3428 42 St NE Calgary, AB T1Y 6A3',
    lat: '51.0839',
    lng: '-113.97188' },
  { id: '162',
    name: 'Annie Gale School',
    area: 'Calgary',
    grades: ["6","7","8","9"],
    postcode: 'T1Y4S8',
    phone: '403-777-7680',
    addr: '577 Whiteridge Way NE Calgary, AB T1Y 4S8',
    lat: '51.08904',
    lng: '-113.96894' },
  { id: '184',
    name: 'Lester B. Pearson High School',
    area: 'Calgary',
    grades: ["10","11","12"],
    postcode: 'T1Y5P4',
    phone: '403-280-6565',
    addr: '3020 52 St NE Calgary, AB T1Y 5P4',
    lat: '51.077',
    lng: '-113.95651' } ]
{ name: 'Colonel J. Fred Scott School',
  lat: '51.08783',
  lng: '-113.96779',
  id: '88',
  addr: '171 Whitehorn Rd NE Calgary, AB T1Y 3C4',
  phone: '403-777-6710',
  postcode: 'T1Y3C4',
  grades: [ '0', '1', '2', '3', '4', '5', '6' ] }
Colonel J. Fred Scott
{ name: 'Chief Justice Milvain School',
  lat: '51.0839',
  lng: '-113.97188',
  id: '97',
  addr: '3428 42 St NE Calgary, AB T1Y 6A3',
  phone: '403-777-6700',
  postcode: 'T1Y6A3',
  grades: [ '0', '1', '2', '3', '4', '5', '6' ] }
Chief Justice Milvain
{ name: 'Annie Gale School',
  lat: '51.08904',
  lng: '-113.96894',
  id: '162',
  addr: '577 Whiteridge Way NE Calgary, AB T1Y 4S8',
  phone: '403-777-7680',
  postcode: 'T1Y4S8',
  grades: [ '6', '7', '8', '9' ] }
Annie Gale
{ name: 'Lester B. Pearson High School',
  lat: '51.077',
  lng: '-113.95651',
  id: '184',
  addr: '3020 52 St NE Calgary, AB T1Y 5P4',
  phone: '403-280-6565',
  postcode: 'T1Y5P4',
  grades: [ '10', '11', '12' ] }
Lester B. Pearson High
[ { id: '88',
    name: 'Colonel J. Fred Scott School',
    area: 'Calgary',
    rank_2013_14: [754,813],
    rank_5y: [430,543],
    rating_2013_14: 3.2,
    rating_5y: 4.9,
    grades: ["0","1","2","3","4","5","6"],
    postcode: 'T1Y3C4',
    phone: '403-777-6710',
    addr: '171 Whitehorn Rd NE Calgary, AB T1Y 3C4',
    lat: '51.08783',
    lng: '-113.96779' },
  { id: '97',
    name: 'Chief Justice Milvain School',
    area: 'Calgary',
    rank_2013_14: [508,813],
    rank_5y: [425,543],
    rating_2013_14: 5.6,
    rating_5y: 5,
    grades: ["0","1","2","3","4","5","6"],
    postcode: 'T1Y6A3',
    phone: '403-777-6700',
    addr: '3428 42 St NE Calgary, AB T1Y 6A3',
    lat: '51.0839',
    lng: '-113.97188' },
  { id: '162',
    name: 'Annie Gale School',
    area: 'Calgary',
    grades: ["6","7","8","9"],
    postcode: 'T1Y4S8',
    phone: '403-777-7680',
    addr: '577 Whiteridge Way NE Calgary, AB T1Y 4S8',
    lat: '51.08904',
    lng: '-113.96894' },
  { id: '184',
    name: 'Lester B. Pearson High School',
    area: 'Calgary',
    grades: ["10","11","12"],
    postcode: 'T1Y5P4',
    phone: '403-280-6565',
    addr: '3020 52 St NE Calgary, AB T1Y 5P4',
    lat: '51.077',
    lng: '-113.95651' } ]
{ name: 'Captain John Palliser School',
  lat: '51.09643',
  lng: '-114.13642',
  id: '33',
  addr: '1484 Northmount Dr NW Calgary, AB T2L 0G6',
  phone: '403-777-6170',
  postcode: 'T2L0G6',
  grades: [ '0', '1', '2', '3', '4', '5', '6' ] }
Captain John Palliser
{ name: 'Simon Fraser School',
  lat: '51.10085',
  lng: '-114.1359',
  id: '149',
  addr: '5215 33 St NW Calgary, AB T2L 1V3',
  phone: '403-777-7290',
  postcode: 'T2L1V3',
  grades: [ '5', '6', '7', '8', '9' ] }
Simon Fraser
{ name: 'Sir Winston Churchill High School',
  lat: '51.10007',
  lng: '-114.13968',
  id: '180',
  addr: '5220 Northland Dr NW Calgary, AB T2L 2J6',
  phone: '403-289-9241',
  postcode: 'T2L2J6',
  grades: [ '10', '11', '12' ] }
Sir Winston Churchill High
[ { id: '33',
    name: 'Captain John Palliser School',
    area: 'Calgary',
    rank_2013_14: [239,813],
    rank_5y: [110,543],
    rating_2013_14: 7,
    rating_5y: 7.4,
    grades: ["0","1","2","3","4","5","6"],
    postcode: 'T2L0G6',
    phone: '403-777-6170',
    addr: '1484 Northmount Dr NW Calgary, AB T2L 0G6',
    lat: '51.09643',
    lng: '-114.13642' },
  { id: '149',
    name: 'Simon Fraser School',
    area: 'Calgary',
    grades: ["5","6","7","8","9"],
    postcode: 'T2L1V3',
    phone: '403-777-7290',
    addr: '5215 33 St NW Calgary, AB T2L 1V3',
    lat: '51.10085',
    lng: '-114.1359' },
  { id: '180',
    name: 'Sir Winston Churchill High School',
    area: 'Calgary',
    grades: ["10","11","12"],
    postcode: 'T2L2J6',
    phone: '403-289-9241',
    addr: '5220 Northland Dr NW Calgary, AB T2L 2J6',
    lat: '51.10007',
    lng: '-114.13968' } ]
Express server listening on port 8000
{"lat":"51.093486","lng":"-113.951545","programid":"1","grades":""}
resp: [85,109,159,184]
enter Q_FindSchoolList
{ name: 'Guy Weadick School',
  lat: '51.08699',
  lng: '-113.95292',
  id: '85',
  addr: '5612 Templehill Rd NE Calgary, AB T1Y 4W7',
  phone: '403-777-6740',
  postcode: 'T1Y4W7',
  grades: [ '0', '1', '2', '3', '4', '5', '6' ] }
Find school rank: Guy Weadick
{ name: 'Annie Foote School',
  lat: '51.08596',
  lng: '-113.94037',
  id: '109',
  addr: '6320 Temple Dr NE Calgary, AB T1Y 5V5',
  phone: '403-777-6680',
  postcode: 'T1Y5V5',
  grades: [ '0', '1', '2', '3', '4', '5', '6' ] }
Find school rank: Annie Foote
{ name: 'Dr. Gordon Higgins School',
  lat: '51.07531',
  lng: '-113.97066',
  id: '159',
  addr: '155 Rundlehill Dr NE Calgary, AB T1Y 2W9',
  phone: '403-777-7060',
  postcode: 'T1Y2W9',
  grades: [ '7', '8', '9' ] }
Find school rank: Dr. Gordon Higgins
{ name: 'Lester B. Pearson High School',
  lat: '51.077',
  lng: '-113.95651',
  id: '184',
  addr: '3020 52 St NE Calgary, AB T1Y 5P4',
  phone: '403-280-6565',
  postcode: 'T1Y5P4',
  grades: [ '10', '11', '12' ] }
Find school rank: Lester B. Pearson High
{ name: 'Guy Weadick',
  area: 'Calgary',
  rating_2013_14: 4.5,
  rating_5y: 2.9,
  rank_5y: [ 528, 543 ],
  rank_2013_14: [ 667, 813 ] }
{ name: 'Annie Foote',
  area: 'Calgary',
  rating_2013_14: 4.9,
  rating_5y: 4.9,
  rank_5y: [ 430, 543 ],
  rank_2013_14: [ 611, 813 ] }
no found school rank, return school info only: Dr. Gordon Higgins
no found school rank, return school info only: Lester B. Pearson High
{"lat":"51.086346","lng":"-113.980110","programid":"1","grades":""}
{"lat":"51.086346","lng":"-113.980110","programid":"1","grades":""}
resp: [88,97,162,184]
enter Q_FindSchoolList
{ name: 'Colonel J. Fred Scott School',
  lat: '51.08783',
  lng: '-113.96779',
  id: '88',
  addr: '171 Whitehorn Rd NE Calgary, AB T1Y 3C4',
  phone: '403-777-6710',
  postcode: 'T1Y3C4',
  grades: [ '0', '1', '2', '3', '4', '5', '6' ] }
Find school rank: Colonel J. Fred Scott
{ name: 'Chief Justice Milvain School',
  lat: '51.0839',
  lng: '-113.97188',
  id: '97',
  addr: '3428 42 St NE Calgary, AB T1Y 6A3',
  phone: '403-777-6700',
  postcode: 'T1Y6A3',
  grades: [ '0', '1', '2', '3', '4', '5', '6' ] }
Find school rank: Chief Justice Milvain
{ name: 'Annie Gale School',
  lat: '51.08904',
  lng: '-113.96894',
  id: '162',
  addr: '577 Whiteridge Way NE Calgary, AB T1Y 4S8',
  phone: '403-777-7680',
  postcode: 'T1Y4S8',
  grades: [ '6', '7', '8', '9' ] }
Find school rank: Annie Gale
{ name: 'Lester B. Pearson High School',
  lat: '51.077',
  lng: '-113.95651',
  id: '184',
  addr: '3020 52 St NE Calgary, AB T1Y 5P4',
  phone: '403-280-6565',
  postcode: 'T1Y5P4',
  grades: [ '10', '11', '12' ] }
Find school rank: Lester B. Pearson High
{ name: 'Colonel J. Fred Scott',
  area: 'Calgary',
  rating_2013_14: 3.2,
  rating_5y: 4.9,
  rank_5y: [ 430, 543 ],
  rank_2013_14: [ 754, 813 ] }
{ name: 'Chief Justice Milvain',
  area: 'Calgary',
  rating_2013_14: 5.6,
  rating_5y: 5,
  rank_5y: [ 425, 543 ],
  rank_2013_14: [ 508, 813 ] }
no found school rank, return school info only: Annie Gale
no found school rank, return school info only: Lester B. Pearson High
resp: [88,97,162,184]
enter Q_FindSchoolList
{ name: 'Colonel J. Fred Scott School',
  lat: '51.08783',
  lng: '-113.96779',
  id: '88',
  addr: '171 Whitehorn Rd NE Calgary, AB T1Y 3C4',
  phone: '403-777-6710',
  postcode: 'T1Y3C4',
  grades: [ '0', '1', '2', '3', '4', '5', '6' ] }
Find school rank: Colonel J. Fred Scott
{ name: 'Chief Justice Milvain School',
  lat: '51.0839',
  lng: '-113.97188',
  id: '97',
  addr: '3428 42 St NE Calgary, AB T1Y 6A3',
  phone: '403-777-6700',
  postcode: 'T1Y6A3',
  grades: [ '0', '1', '2', '3', '4', '5', '6' ] }
Find school rank: Chief Justice Milvain
{ name: 'Annie Gale School',
  lat: '51.08904',
  lng: '-113.96894',
  id: '162',
  addr: '577 Whiteridge Way NE Calgary, AB T1Y 4S8',
  phone: '403-777-7680',
  postcode: 'T1Y4S8',
  grades: [ '6', '7', '8', '9' ] }
Find school rank: Annie Gale
{ name: 'Lester B. Pearson High School',
  lat: '51.077',
  lng: '-113.95651',
  id: '184',
  addr: '3020 52 St NE Calgary, AB T1Y 5P4',
  phone: '403-280-6565',
  postcode: 'T1Y5P4',
  grades: [ '10', '11', '12' ] }
Find school rank: Lester B. Pearson High
{ name: 'Colonel J. Fred Scott',
  area: 'Calgary',
  rating_2013_14: 3.2,
  rating_5y: 4.9,
  rank_5y: [ 430, 543 ],
  rank_2013_14: [ 754, 813 ] }
{ name: 'Chief Justice Milvain',
  area: 'Calgary',
  rating_2013_14: 5.6,
  rating_5y: 5,
  rank_5y: [ 425, 543 ],
  rank_2013_14: [ 508, 813 ] }
no found school rank, return school info only: Annie Gale
no found school rank, return school info only: Lester B. Pearson High
Express server listening on port 8000
