0 info it worked if it ends with ok
1 verbose cli [ 'node', '/usr/local/bin/npm', 'start' ]
2 info using npm@2.10.0
3 info using node@v0.13.0-pre
4 verbose run-script [ 'prestart', 'start', 'poststart' ]
5 info prestart ss@0.0.1
6 info start ss@0.0.1
7 verbose unsafe-perm in lifecycle true
8 info ss@0.0.1 Failed to exec start script
9 verbose stack Error: ss@0.0.1 start: `node ./bin/www`
9 verbose stack Exit status 1
9 verbose stack     at EventEmitter.<anonymous> (/usr/local/lib/node_modules/npm/lib/utils/lifecycle.js:213:16)
9 verbose stack     at EventEmitter.emit (events.js:112:17)
9 verbose stack     at ChildProcess.<anonymous> (/usr/local/lib/node_modules/npm/lib/utils/spawn.js:24:14)
9 verbose stack     at ChildProcess.emit (events.js:112:17)
9 verbose stack     at maybeClose (child_process.js:1017:16)
9 verbose stack     at Process.ChildProcess._handle.onexit (child_process.js:1089:5)
10 verbose pkgid ss@0.0.1
11 verbose cwd /usr/local/ss
12 error Linux 2.6.32-504.16.2.el6.x86_64
13 error argv "node" "/usr/local/bin/npm" "start"
14 error node v0.13.0-pre
15 error npm  v2.10.0
16 error code ELIFECYCLE
17 error ss@0.0.1 start: `node ./bin/www`
17 error Exit status 1
18 error Failed at the ss@0.0.1 start script 'node ./bin/www'.
18 error This is most likely a problem with the ss package,
18 error not with npm itself.
18 error Tell the author that this fails on your system:
18 error     node ./bin/www
18 error You can get their info via:
18 error     npm owner ls ss
18 error There is likely additional logging output above.
19 verbose exit [ 1, true ]
